{"meta": {"format": 3, "version": "7.13.1", "timestamp": "2026-02-13T09:51:48.522185", "branch_coverage": false, "show_contexts": false}, "files": {"src\\__init__.py": {"executed_lines": [], "summary": {"covered_lines": 0, "num_statements": 0, "percent_covered": 100.0, "percent_covered_display": "100", "missing_lines": 0, "excluded_lines": 0, "percent_statements_covered": 100.0, "percent_statements_covered_display": "100"}, "missing_lines": [], "excluded_lines": [], "functions": {"": {"executed_lines": [], "summary": {"covered_lines": 0, "num_statements": 0, "percent_covered": 100.0, "percent_covered_display": "100", "missing_lines": 0, "excluded_lines": 0, "percent_statements_covered": 100.0, "percent_statements_covered_display": "100"}, "missing_lines": [], "excluded_lines": [], "start_line": 1}}, "classes": {"": {"executed_lines": [], "summary": {"covered_lines": 0, "num_statements": 0, "percent_covered": 100.0, "percent_covered_display": "100", "missing_lines": 0, "excluded_lines": 0, "percent_statements_covered": 100.0, "percent_statements_covered_display": "100"}, "missing_lines": [], "excluded_lines": [], "start_line": 1}}}, "src\\adapters\\__init__.py": {"executed_lines": [], "summary": {"covered_lines": 0, "num_statements": 0, "percent_covered": 100.0, "percent_covered_display": "100", "missing_lines": 0, "excluded_lines": 0, "percent_statements_covered": 100.0, "percent_statements_covered_display": "100"}, "missing_lines": [], "excluded_lines": [], "functions": {"": {"executed_lines": [], "summary": {"covered_lines": 0, "num_statements": 0, "percent_covered": 100.0, "percent_covered_display": "100", "missing_lines": 0, "excluded_lines": 0, "percent_statements_covered": 100.0, "percent_statements_covered_display": "100"}, "missing_lines": [], "excluded_lines": [], "start_line": 1}}, "classes": {"": {"executed_lines": [], "summary": {"covered_lines": 0, "num_statements": 0, "percent_covered": 100.0, "percent_covered_display": "100", "missing_lines": 0, "excluded_lines": 0, "percent_statements_covered": 100.0, "percent_statements_covered_display": "100"}, "missing_lines": [], "excluded_lines": [], "start_line": 1}}}, "src\\adapters\\http_flask\\__init__.py": {"executed_lines": [], "summary": {"covered_lines": 0, "num_statements": 0, "percent_covered": 100.0, "percent_covered_display": "100", "missing_lines": 0, "excluded_lines": 0, "percent_statements_covered": 100.0, "percent_statements_covered_display": "100"}, "missing_lines": [], "excluded_lines": [], "functions": {"": {"executed_lines": [], "summary": {"covered_lines": 0, "num_statements": 0, "percent_covered": 100.0, "percent_covered_display": "100", "missing_lines": 0, "excluded_lines": 0, "percent_statements_covered": 100.0, "percent_statements_covered_display": "100"}, "missing_lines": [], "excluded_lines": [], "start_line": 1}}, "classes": {"": {"executed_lines": [], "summary": {"covered_lines": 0, "num_statements": 0, "percent_covered": 100.0, "percent_covered_display": "100", "missing_lines": 0, "excluded_lines": 0, "percent_statements_covered": 100.0, "percent_statements_covered_display": "100"}, "missing_lines": [], "excluded_lines": [], "start_line": 1}}}, "src\\adapters\\http_flask\\app.py": {"executed_lines": [1, 3, 17, 18, 19, 20, 21, 22, 23, 24, 27, 29, 30, 31, 32, 35, 36, 39, 40, 43, 46, 47, 48, 49, 50, 53, 54, 56, 61, 63, 64, 73, 74, 83, 84, 90, 91, 94, 95, 100, 102, 103, 108, 111, 116, 118, 121], "summary": {"covered_lines": 47, "num_statements": 52, "percent_covered": 90.38461538461539, "percent_covered_display": "90", "missing_lines": 5, "excluded_lines": 0, "percent_statements_covered": 90.38461538461539, "percent_statements_covered_display": "90"}, "missing_lines": [66, 71, 76, 81, 122], "excluded_lines": [], "functions": {"_get_actor_id": {"executed_lines": [29, 30, 31, 32], "summary": {"covered_lines": 4, "num_statements": 4, "percent_covered": 100.0, "percent_covered_display": "100", "missing_lines": 0, "excluded_lines": 0, "percent_statements_covered": 100.0, "percent_statements_covered_display": "100"}, "missing_lines": [], "excluded_lines": [], "start_line": 27}, "create_app": {"executed_lines": [36, 39, 40, 43, 46, 47, 48, 49, 50, 53, 54, 63, 64, 73, 74, 83, 84, 118], "summary": {"covered_lines": 18, "num_statements": 18, "percent_covered": 100.0, "percent_covered_display": "100", "missing_lines": 0, "excluded_lines": 0, "percent_statements_covered": 100.0, "percent_statements_covered_display": "100"}, "missing_lines": [], "excluded_lines": [], "start_line": 35}, "create_app.handle_validation_error": {"executed_lines": [56, 61], "summary": {"covered_lines": 2, "num_statements": 2, "percent_covered": 100.0, "percent_covered_display": "100", "missing_lines": 0, "excluded_lines": 0, "percent_statements_covered": 100.0, "percent_statements_covered_display": "100"}, "missing_lines": [], "excluded_lines": [], "start_line": 54}, "create_app.handle_not_found_error": {"executed_lines": [], "summary": {"covered_lines": 0, "num_statements": 2, "percent_covered": 0.0, "percent_covered_display": "0", "missing_lines": 2, "excluded_lines": 0, "percent_statements_covered": 0.0, "percent_statements_covered_display": "0"}, "missing_lines": [66, 71], "excluded_lines": [], "start_line": 64}, "create_app.handle_forbidden_error": {"executed_lines": [], "summary": {"covered_lines": 0, "num_statements": 2, "percent_covered": 0.0, "percent_covered_display": "0", "missing_lines": 2, "excluded_lines": 0, "percent_statements_covered": 0.0, "percent_statements_covered_display": "0"}, "missing_lines": [76, 81], "excluded_lines": [], "start_line": 74}, "create_app.handle_generic_exception": {"executed_lines": [90, 91, 94, 95, 100, 102, 103, 108, 111, 116], "summary": {"covered_lines": 10, "num_statements": 10, "percent_covered": 100.0, "percent_covered_display": "100", "missing_lines": 0, "excluded_lines": 0, "percent_statements_covered": 100.0, "percent_statements_covered_display": "100"}, "missing_lines": [], "excluded_lines": [], "start_line": 84}, "": {"executed_lines": [1, 3, 17, 18, 19, 20, 21, 22, 23, 24, 27, 35, 121], "summary": {"covered_lines": 13, "num_statements": 14, "percent_covered": 92.85714285714286, "percent_covered_display": "93", "missing_lines": 1, "excluded_lines": 0, "percent_statements_covered": 92.85714285714286, "percent_statements_covered_display": "93"}, "missing_lines": [122], "excluded_lines": [], "start_line": 1}}, "classes": {"": {"executed_lines": [1, 3, 17, 18, 19, 20, 21, 22, 23, 24, 27, 29, 30, 31, 32, 35, 36, 39, 40, 43, 46, 47, 48, 49, 50, 53, 54, 56, 61, 63, 64, 73, 74, 83, 84, 90, 91, 94, 95, 100, 102, 103, 108, 111, 116, 118, 121], "summary": {"covered_lines": 47, "num_statements": 52, "percent_covered": 90.38461538461539, "percent_covered_display": "90", "missing_lines": 5, "excluded_lines": 0, "percent_statements_covered": 90.38461538461539, "percent_statements_covered_display": "90"}, "missing_lines": [66, 71, 76, 81, 122], "excluded_lines": [], "start_line": 1}}}, "src\\adapters\\http_flask\\constants.py": {"executed_lines": [3, 6, 7, 8, 9, 10, 11, 12, 13, 14, 15, 16, 17, 18, 19, 20, 21, 22, 23, 24, 25, 26, 27, 28, 29, 32, 33, 34, 35, 38, 39, 40, 43, 44, 45, 48], "summary": {"covered_lines": 36, "num_statements": 36, "percent_covered": 100.0, "percent_covered_display": "100", "missing_lines": 0, "excluded_lines": 0, "percent_statements_covered": 100.0, "percent_statements_covered_display": "100"}, "missing_lines": [], "excluded_lines": [], "functions": {"": {"executed_lines": [3, 6, 7, 8, 9, 10, 11, 12, 13, 14, 15, 16, 17, 18, 19, 20, 21, 22, 23, 24, 25, 26, 27, 28, 29, 32, 33, 34, 35, 38, 39, 40, 43, 44, 45, 48], "summary": {"covered_lines": 36, "num_statements": 36, "percent_covered": 100.0, "percent_covered_display": "100", "missing_lines": 0, "excluded_lines": 0, "percent_statements_covered": 100.0, "percent_statements_covered_display": "100"}, "missing_lines": [], "excluded_lines": [], "start_line": 1}}, "classes": {"": {"executed_lines": [3, 6, 7, 8, 9, 10, 11, 12, 13, 14, 15, 16, 17, 18, 19, 20, 21, 22, 23, 24, 25, 26, 27, 28, 29, 32, 33, 34, 35, 38, 39, 40, 43, 44, 45, 48], "summary": {"covered_lines": 36, "num_statements": 36, "percent_covered": 100.0, "percent_covered_display": "100", "missing_lines": 0, "excluded_lines": 0, "percent_statements_covered": 100.0, "percent_statements_covered_display": "100"}, "missing_lines": [], "excluded_lines": [], "start_line": 1}}}, "src\\adapters\\http_flask\\context.py": {"executed_lines": [15, 17, 19, 22, 40, 43, 56], "summary": {"covered_lines": 7, "num_statements": 7, "percent_covered": 100.0, "percent_covered_display": "100", "missing_lines": 0, "excluded_lines": 0, "percent_statements_covered": 100.0, "percent_statements_covered_display": "100"}, "missing_lines": [], "excluded_lines": [], "functions": {"get_services": {"executed_lines": [40], "summary": {"covered_lines": 1, "num_statements": 1, "percent_covered": 100.0, "percent_covered_display": "100", "missing_lines": 0, "excluded_lines": 0, "percent_statements_covered": 100.0, "percent_statements_covered_display": "100"}, "missing_lines": [], "excluded_lines": [], "start_line": 22}, "get_actor_id": {"executed_lines": [56], "summary": {"covered_lines": 1, "num_statements": 1, "percent_covered": 100.0, "percent_covered_display": "100", "missing_lines": 0, "excluded_lines": 0, "percent_statements_covered": 100.0, "percent_statements_covered_display": "100"}, "missing_lines": [], "excluded_lines": [], "start_line": 43}, "": {"executed_lines": [15, 17, 19, 22, 43], "summary": {"covered_lines": 5, "num_statements": 5, "percent_covered": 100.0, "percent_covered_display": "100", "missing_lines": 0, "excluded_lines": 0, "percent_statements_covered": 100.0, "percent_statements_covered_display": "100"}, "missing_lines": [], "excluded_lines": [], "start_line": 1}}, "classes": {"": {"executed_lines": [15, 17, 19, 22, 40, 43, 56], "summary": {"covered_lines": 7, "num_statements": 7, "percent_covered": 100.0, "percent_covered_display": "100", "missing_lines": 0, "excluded_lines": 0, "percent_statements_covered": 100.0, "percent_statements_covered_display": "100"}, "missing_lines": [], "excluded_lines": [], "start_line": 1}}}, "src\\adapters\\http_flask\\error_contract.py": {"executed_lines": [9, 11, 18, 19, 20, 21, 24, 25, 26, 27, 33, 34, 35, 36, 43, 72, 76, 78], "summary": {"covered_lines": 18, "num_statements": 19, "percent_covered": 94.73684210526316, "percent_covered_display": "95", "missing_lines": 1, "excluded_lines": 0, "percent_statements_covered": 94.73684210526316, "percent_statements_covered_display": "95"}, "missing_lines": [77], "excluded_lines": [], "functions": {"error_response": {"executed_lines": [72, 76, 78], "summary": {"covered_lines": 3, "num_statements": 4, "percent_covered": 75.0, "percent_covered_display": "75", "missing_lines": 1, "excluded_lines": 0, "percent_statements_covered": 75.0, "percent_statements_covered_display": "75"}, "missing_lines": [77], "excluded_lines": [], "start_line": 43}, "": {"executed_lines": [9, 11, 18, 19, 20, 21, 24, 25, 26, 27, 33, 34, 35, 36, 43], "summary": {"covered_lines": 15, "num_statements": 15, "percent_covered": 100.0, "percent_covered_display": "100", "missing_lines": 0, "excluded_lines": 0, "percent_statements_covered": 100.0, "percent_statements_covered_display": "100"}, "missing_lines": [], "excluded_lines": [], "start_line": 1}}, "classes": {"": {"executed_lines": [9, 11, 18, 19, 20, 21, 24, 25, 26, 27, 33, 34, 35, 36, 43, 72, 76, 78], "summary": {"covered_lines": 18, "num_statements": 19, "percent_covered": 94.73684210526316, "percent_covered_display": "95", "missing_lines": 1, "excluded_lines": 0, "percent_statements_covered": 94.73684210526316, "percent_statements_covered_display": "95"}, "missing_lines": [77], "excluded_lines": [], "start_line": 1}}}, "src\\adapters\\http_flask\\routes\\__init__.py": {"executed_lines": [], "summary": {"covered_lines": 0, "num_statements": 0, "percent_covered": 100.0, "percent_covered_display": "100", "missing_lines": 0, "excluded_lines": 0, "percent_statements_covered": 100.0, "percent_statements_covered_display": "100"}, "missing_lines": [], "excluded_lines": [], "functions": {"": {"executed_lines": [], "summary": {"covered_lines": 0, "num_statements": 0, "percent_covered": 100.0, "percent_covered_display": "100", "missing_lines": 0, "excluded_lines": 0, "percent_statements_covered": 100.0, "percent_statements_covered_display": "100"}, "missing_lines": [], "excluded_lines": [], "start_line": 1}}, "classes": {"": {"executed_lines": [], "summary": {"covered_lines": 0, "num_statements": 0, "percent_covered": 100.0, "percent_covered_display": "100", "missing_lines": 0, "excluded_lines": 0, "percent_statements_covered": 100.0, "percent_statements_covered_display": "100"}, "missing_lines": [], "excluded_lines": [], "start_line": 1}}}, "src\\adapters\\http_flask\\routes\\cards.py": {"executed_lines": [7, 9, 11, 38, 39, 40, 41, 42, 43, 44, 45, 46, 48, 54, 60, 61, 62, 63, 64, 65, 66, 67, 68, 69, 70, 71, 74, 75, 76, 87, 88, 91, 94, 97, 99, 121, 123, 143, 144, 146, 147, 148, 150, 151, 152, 154, 155, 157, 160, 161, 164, 167, 170, 171, 174, 192, 195, 196, 227, 228, 252, 253, 256, 259, 262, 265, 266, 269, 283, 286, 287, 290, 293, 296, 297, 300, 303, 306, 307, 310, 318, 319, 320, 322], "summary": {"covered_lines": 84, "num_statements": 106, "percent_covered": 79.24528301886792, "percent_covered_display": "79", "missing_lines": 22, "excluded_lines": 0, "percent_statements_covered": 79.24528301886792, "percent_statements_covered_display": "79"}, "missing_lines": [77, 78, 79, 80, 81, 82, 83, 84, 204, 205, 208, 211, 212, 215, 218, 221, 222, 224, 234, 235, 237, 241], "excluded_lines": [], "functions": {"_parse_card_payload": {"executed_lines": [60, 61, 62, 63, 64, 65, 66, 67, 68, 69, 70, 71, 74, 75, 76, 87, 88, 91, 94, 97, 99], "summary": {"covered_lines": 21, "num_statements": 29, "percent_covered": 72.41379310344827, "percent_covered_display": "72", "missing_lines": 8, "excluded_lines": 0, "percent_statements_covered": 72.41379310344827, "percent_statements_covered_display": "72"}, "missing_lines": [77, 78, 79, 80, 81, 82, 83, 84], "excluded_lines": [], "start_line": 54}, "_build_gen_response_dict": {"executed_lines": [123], "summary": {"covered_lines": 1, "num_statements": 1, "percent_covered": 100.0, "percent_covered_display": "100", "missing_lines": 0, "excluded_lines": 0, "percent_statements_covered": 100.0, "percent_statements_covered_display": "100"}, "missing_lines": [], "excluded_lines": [], "start_line": 121}, "create_card": {"executed_lines": [146, 147, 148, 150, 151, 152, 154, 155, 157], "summary": {"covered_lines": 9, "num_statements": 9, "percent_covered": 100.0, "percent_covered_display": "100", "missing_lines": 0, "excluded_lines": 0, "percent_statements_covered": 100.0, "percent_statements_covered_display": "100"}, "missing_lines": [], "excluded_lines": [], "start_line": 144}, "get_card": {"executed_lines": [164, 167, 170, 171, 174, 192], "summary": {"covered_lines": 6, "num_statements": 6, "percent_covered": 100.0, "percent_covered_display": "100", "missing_lines": 0, "excluded_lines": 0, "percent_statements_covered": 100.0, "percent_statements_covered_display": "100"}, "missing_lines": [], "excluded_lines": [], "start_line": 161}, "update_card": {"executed_lines": [], "summary": {"covered_lines": 0, "num_statements": 10, "percent_covered": 0.0, "percent_covered_display": "0", "missing_lines": 10, "excluded_lines": 0, "percent_statements_covered": 0.0, "percent_statements_covered_display": "0"}, "missing_lines": [204, 205, 208, 211, 212, 215, 218, 221, 222, 224], "excluded_lines": [], "start_line": 196}, "delete_card": {"executed_lines": [], "summary": {"covered_lines": 0, "num_statements": 4, "percent_covered": 0.0, "percent_covered_display": "0", "missing_lines": 4, "excluded_lines": 0, "percent_statements_covered": 0.0, "percent_statements_covered_display": "0"}, "missing_lines": [234, 235, 237, 241], "excluded_lines": [], "start_line": 228}, "list_cards": {"executed_lines": [256, 259, 262, 265, 266, 269, 283], "summary": {"covered_lines": 7, "num_statements": 7, "percent_covered": 100.0, "percent_covered_display": "100", "missing_lines": 0, "excluded_lines": 0, "percent_statements_covered": 100.0, "percent_statements_covered_display": "100"}, "missing_lines": [], "excluded_lines": [], "start_line": 253}, "get_card_map_svg": {"executed_lines": [290, 293, 296, 297, 300, 303, 306, 307, 310, 318, 319, 320, 322], "summary": {"covered_lines": 13, "num_statements": 13, "percent_covered": 100.0, "percent_covered_display": "100", "missing_lines": 0, "excluded_lines": 0, "percent_statements_covered": 100.0, "percent_statements_covered_display": "100"}, "missing_lines": [], "excluded_lines": [], "start_line": 287}, "": {"executed_lines": [7, 9, 11, 38, 39, 40, 41, 42, 43, 44, 45, 46, 48, 54, 121, 143, 144, 160, 161, 195, 196, 227, 228, 252, 253, 286, 287], "summary": {"covered_lines": 27, "num_statements": 27, "percent_covered": 100.0, "percent_covered_display": "100", "missing_lines": 0, "excluded_lines": 0, "percent_statements_covered": 100.0, "percent_statements_covered_display": "100"}, "missing_lines": [], "excluded_lines": [], "start_line": 1}}, "classes": {"": {"executed_lines": [7, 9, 11, 38, 39, 40, 41, 42, 43, 44, 45, 46, 48, 54, 60, 61, 62, 63, 64, 65, 66, 67, 68, 69, 70, 71, 74, 75, 76, 87, 88, 91, 94, 97, 99, 121, 123, 143, 144, 146, 147, 148, 150, 151, 152, 154, 155, 157, 160, 161, 164, 167, 170, 171, 174, 192, 195, 196, 227, 228, 252, 253, 256, 259, 262, 265, 266, 269, 283, 286, 287, 290, 293, 296, 297, 300, 303, 306, 307, 310, 318, 319, 320, 322], "summary": {"covered_lines": 84, "num_statements": 106, "percent_covered": 79.24528301886792, "percent_covered_display": "79", "missing_lines": 22, "excluded_lines": 0, "percent_statements_covered": 79.24528301886792, "percent_statements_covered_display": "79"}, "missing_lines": [77, 78, 79, 80, 81, 82, 83, 84, 204, 205, 208, 211, 212, 215, 218, 221, 222, 224, 234, 235, 237, 241], "excluded_lines": [], "start_line": 1}}}, "src\\adapters\\http_flask\\routes\\favorites.py": {"executed_lines": [3, 5, 6, 7, 8, 9, 11, 14, 15, 17, 18, 20, 21, 23, 29, 30, 32, 33, 35, 36, 38], "summary": {"covered_lines": 21, "num_statements": 21, "percent_covered": 100.0, "percent_covered_display": "100", "missing_lines": 0, "excluded_lines": 0, "percent_statements_covered": 100.0, "percent_statements_covered_display": "100"}, "missing_lines": [], "excluded_lines": [], "functions": {"toggle_favorite": {"executed_lines": [17, 18, 20, 21, 23], "summary": {"covered_lines": 5, "num_statements": 5, "percent_covered": 100.0, "percent_covered_display": "100", "missing_lines": 0, "excluded_lines": 0, "percent_statements_covered": 100.0, "percent_statements_covered_display": "100"}, "missing_lines": [], "excluded_lines": [], "start_line": 15}, "list_favorites": {"executed_lines": [32, 33, 35, 36, 38], "summary": {"covered_lines": 5, "num_statements": 5, "percent_covered": 100.0, "percent_covered_display": "100", "missing_lines": 0, "excluded_lines": 0, "percent_statements_covered": 100.0, "percent_statements_covered_display": "100"}, "missing_lines": [], "excluded_lines": [], "start_line": 30}, "": {"executed_lines": [3, 5, 6, 7, 8, 9, 11, 14, 15, 29, 30], "summary": {"covered_lines": 11, "num_statements": 11, "percent_covered": 100.0, "percent_covered_display": "100", "missing_lines": 0, "excluded_lines": 0, "percent_statements_covered": 100.0, "percent_statements_covered_display": "100"}, "missing_lines": [], "excluded_lines": [], "start_line": 1}}, "classes": {"": {"executed_lines": [3, 5, 6, 7, 8, 9, 11, 14, 15, 17, 18, 20, 21, 23, 29, 30, 32, 33, 35, 36, 38], "summary": {"covered_lines": 21, "num_statements": 21, "percent_covered": 100.0, "percent_covered_display": "100", "missing_lines": 0, "excluded_lines": 0, "percent_statements_covered": 100.0, "percent_statements_covered_display": "100"}, "missing_lines": [], "excluded_lines": [], "start_line": 1}}}, "src\\adapters\\http_flask\\routes\\health.py": {"executed_lines": [1, 3, 4, 6, 9, 10, 11], "summary": {"covered_lines": 7, "num_statements": 7, "percent_covered": 100.0, "percent_covered_display": "100", "missing_lines": 0, "excluded_lines": 0, "percent_statements_covered": 100.0, "percent_statements_covered_display": "100"}, "missing_lines": [], "excluded_lines": [], "functions": {"health": {"executed_lines": [11], "summary": {"covered_lines": 1, "num_statements": 1, "percent_covered": 100.0, "percent_covered_display": "100", "missing_lines": 0, "excluded_lines": 0, "percent_statements_covered": 100.0, "percent_statements_covered_display": "100"}, "missing_lines": [], "excluded_lines": [], "start_line": 10}, "": {"executed_lines": [1, 3, 4, 6, 9, 10], "summary": {"covered_lines": 6, "num_statements": 6, "percent_covered": 100.0, "percent_covered_display": "100", "missing_lines": 0, "excluded_lines": 0, "percent_statements_covered": 100.0, "percent_statements_covered_display": "100"}, "missing_lines": [], "excluded_lines": [], "start_line": 1}}, "classes": {"": {"executed_lines": [1, 3, 4, 6, 9, 10, 11], "summary": {"covered_lines": 7, "num_statements": 7, "percent_covered": 100.0, "percent_covered_display": "100", "missing_lines": 0, "excluded_lines": 0, "percent_statements_covered": 100.0, "percent_statements_covered_display": "100"}, "missing_lines": [], "excluded_lines": [], "start_line": 1}}}, "src\\adapters\\http_flask\\routes\\maps.py": {"executed_lines": [6, 8, 11], "summary": {"covered_lines": 3, "num_statements": 3, "percent_covered": 100.0, "percent_covered_display": "100", "missing_lines": 0, "excluded_lines": 0, "percent_statements_covered": 100.0, "percent_statements_covered_display": "100"}, "missing_lines": [], "excluded_lines": [], "functions": {"": {"executed_lines": [6, 8, 11], "summary": {"covered_lines": 3, "num_statements": 3, "percent_covered": 100.0, "percent_covered_display": "100", "missing_lines": 0, "excluded_lines": 0, "percent_statements_covered": 100.0, "percent_statements_covered_display": "100"}, "missing_lines": [], "excluded_lines": [], "start_line": 1}}, "classes": {"": {"executed_lines": [6, 8, 11], "summary": {"covered_lines": 3, "num_statements": 3, "percent_covered": 100.0, "percent_covered_display": "100", "missing_lines": 0, "excluded_lines": 0, "percent_statements_covered": 100.0, "percent_statements_covered_display": "100"}, "missing_lines": [], "excluded_lines": [], "start_line": 1}}}, "src\\adapters\\http_flask\\routes\\presets.py": {"executed_lines": [1, 3, 4, 6, 9, 10], "summary": {"covered_lines": 6, "num_statements": 7, "percent_covered": 85.71428571428571, "percent_covered_display": "86", "missing_lines": 1, "excluded_lines": 0, "percent_statements_covered": 85.71428571428571, "percent_statements_covered_display": "86"}, "missing_lines": [11], "excluded_lines": [], "functions": {"presets": {"executed_lines": [], "summary": {"covered_lines": 0, "num_statements": 1, "percent_covered": 0.0, "percent_covered_display": "0", "missing_lines": 1, "excluded_lines": 0, "percent_statements_covered": 0.0, "percent_statements_covered_display": "0"}, "missing_lines": [11], "excluded_lines": [], "start_line": 10}, "": {"executed_lines": [1, 3, 4, 6, 9, 10], "summary": {"covered_lines": 6, "num_statements": 6, "percent_covered": 100.0, "percent_covered_display": "100", "missing_lines": 0, "excluded_lines": 0, "percent_statements_covered": 100.0, "percent_statements_covered_display": "100"}, "missing_lines": [], "excluded_lines": [], "start_line": 1}}, "classes": {"": {"executed_lines": [1, 3, 4, 6, 9, 10], "summary": {"covered_lines": 6, "num_statements": 7, "percent_covered": 85.71428571428571, "percent_covered_display": "86", "missing_lines": 1, "excluded_lines": 0, "percent_statements_covered": 85.71428571428571, "percent_statements_covered_display": "86"}, "missing_lines": [11], "excluded_lines": [], "start_line": 1}}}, "src\\adapters\\http_flask\\svg_sanitizer.py": {"executed_lines": [7, 9, 10, 12, 13, 14, 19, 28, 31, 38, 44, 45, 47, 52, 56, 58, 64, 66, 67, 86, 88, 89, 93, 109, 117, 126, 163, 169, 170, 172, 173, 176, 183, 201, 202, 203, 204, 205, 206], "summary": {"covered_lines": 39, "num_statements": 88, "percent_covered": 44.31818181818182, "percent_covered_display": "44", "missing_lines": 49, "excluded_lines": 0, "percent_statements_covered": 44.31818181818182, "percent_statements_covered_display": "44"}, "missing_lines": [29, 32, 48, 49, 50, 53, 90, 95, 96, 97, 99, 100, 101, 102, 103, 105, 106, 111, 112, 113, 114, 119, 120, 121, 133, 134, 136, 137, 141, 142, 146, 147, 149, 150, 154, 155, 157, 159, 160, 174, 177, 208, 209, 210, 211, 212, 213, 214, 215], "excluded_lines": [], "functions": {"_validate_no_dangerous_xml_entities": {"executed_lines": [28, 31], "summary": {"covered_lines": 2, "num_statements": 4, "percent_covered": 50.0, "percent_covered_display": "50", "missing_lines": 2, "excluded_lines": 0, "percent_statements_covered": 50.0, "percent_statements_covered_display": "50"}, "missing_lines": [29, 32], "excluded_lines": [], "start_line": 19}, "_strip_svg_namespaces_inplace": {"executed_lines": [44, 45, 47, 52], "summary": {"covered_lines": 4, "num_statements": 8, "percent_covered": 50.0, "percent_covered_display": "50", "missing_lines": 4, "excluded_lines": 0, "percent_statements_covered": 50.0, "percent_statements_covered_display": "50"}, "missing_lines": [48, 49, 50, 53], "excluded_lines": [], "start_line": 38}, "_local_svg_name": {"executed_lines": [58], "summary": {"covered_lines": 1, "num_statements": 1, "percent_covered": 100.0, "percent_covered_display": "100", "missing_lines": 0, "excluded_lines": 0, "percent_statements_covered": 100.0, "percent_statements_covered_display": "100"}, "missing_lines": [], "excluded_lines": [], "start_line": 56}, "_allowed_svg_attrs": {"executed_lines": [66, 67], "summary": {"covered_lines": 2, "num_statements": 2, "percent_covered": 100.0, "percent_covered_display": "100", "missing_lines": 0, "excluded_lines": 0, "percent_statements_covered": 100.0, "percent_statements_covered_display": "100"}, "missing_lines": [], "excluded_lines": [], "start_line": 64}, "_enforce_svg_tag_allowed": {"executed_lines": [88, 89], "summary": {"covered_lines": 2, "num_statements": 3, "percent_covered": 66.66666666666667, "percent_covered_display": "67", "missing_lines": 1, "excluded_lines": 0, "percent_statements_covered": 66.66666666666667, "percent_statements_covered_display": "67"}, "missing_lines": [90], "excluded_lines": [], "start_line": 86}, "_validate_svg_numeric_attr": {"executed_lines": [], "summary": {"covered_lines": 0, "num_statements": 10, "percent_covered": 0.0, "percent_covered_display": "0", "missing_lines": 10, "excluded_lines": 0, "percent_statements_covered": 0.0, "percent_statements_covered_display": "0"}, "missing_lines": [95, 96, 97, 99, 100, 101, 102, 103, 105, 106], "excluded_lines": [], "start_line": 93}, "_validate_svg_polygon_points": {"executed_lines": [], "summary": {"covered_lines": 0, "num_statements": 4, "percent_covered": 0.0, "percent_covered_display": "0", "missing_lines": 4, "excluded_lines": 0, "percent_statements_covered": 0.0, "percent_statements_covered_display": "0"}, "missing_lines": [111, 112, 113, 114], "excluded_lines": [], "start_line": 109}, "_validate_paint_value": {"executed_lines": [], "summary": {"covered_lines": 0, "num_statements": 3, "percent_covered": 0.0, "percent_covered_display": "0", "missing_lines": 3, "excluded_lines": 0, "percent_statements_covered": 0.0, "percent_statements_covered_display": "0"}, "missing_lines": [119, 120, 121], "excluded_lines": [], "start_line": 117}, "_validate_svg_attribute": {"executed_lines": [], "summary": {"covered_lines": 0, "num_statements": 15, "percent_covered": 0.0, "percent_covered_display": "0", "missing_lines": 15, "excluded_lines": 0, "percent_statements_covered": 0.0, "percent_statements_covered_display": "0"}, "missing_lines": [133, 134, 136, 137, 141, 142, 146, 147, 149, 150, 154, 155, 157, 159, 160], "excluded_lines": [], "start_line": 126}, "_validate_svg_allowlist": {"executed_lines": [169, 170, 172, 173, 176], "summary": {"covered_lines": 5, "num_statements": 7, "percent_covered": 71.42857142857143, "percent_covered_display": "71", "missing_lines": 2, "excluded_lines": 0, "percent_statements_covered": 71.42857142857143, "percent_statements_covered_display": "71"}, "missing_lines": [174, 177], "excluded_lines": [], "start_line": 163}, "normalize_svg_xml": {"executed_lines": [201, 202, 203, 204, 205, 206], "summary": {"covered_lines": 6, "num_statements": 14, "percent_covered": 42.857142857142854, "percent_covered_display": "43", "missing_lines": 8, "excluded_lines": 0, "percent_statements_covered": 42.857142857142854, "percent_statements_covered_display": "43"}, "missing_lines": [208, 209, 210, 211, 212, 213, 214, 215], "excluded_lines": [], "start_line": 183}, "": {"executed_lines": [7, 9, 10, 12, 13, 14, 19, 38, 56, 64, 86, 93, 109, 117, 126, 163, 183], "summary": {"covered_lines": 17, "num_statements": 17, "percent_covered": 100.0, "percent_covered_display": "100", "missing_lines": 0, "excluded_lines": 0, "percent_statements_covered": 100.0, "percent_statements_covered_display": "100"}, "missing_lines": [], "excluded_lines": [], "start_line": 1}}, "classes": {"": {"executed_lines": [7, 9, 10, 12, 13, 14, 19, 28, 31, 38, 44, 45, 47, 52, 56, 58, 64, 66, 67, 86, 88, 89, 93, 109, 117, 126, 163, 169, 170, 172, 173, 176, 183, 201, 202, 203, 204, 205, 206], "summary": {"covered_lines": 39, "num_statements": 88, "percent_covered": 44.31818181818182, "percent_covered_display": "44", "missing_lines": 49, "excluded_lines": 0, "percent_statements_covered": 44.31818181818182, "percent_statements_covered_display": "44"}, "missing_lines": [29, 32, 48, 49, 50, 53, 90, 95, 96, 97, 99, 100, 101, 102, 103, 105, 106, 111, 112, 113, 114, 119, 120, 121, 133, 134, 136, 137, 141, 142, 146, 147, 149, 150, 154, 155, 157, 159, 160, 174, 177, 208, 209, 210, 211, 212, 213, 214, 215], "excluded_lines": [], "start_line": 1}}}, "src\\adapters\\ui_gradio\\_state\\__init__.py": {"executed_lines": [], "summary": {"covered_lines": 0, "num_statements": 0, "percent_covered": 100.0, "percent_covered_display": "100", "missing_lines": 0, "excluded_lines": 0, "percent_statements_covered": 100.0, "percent_statements_covered_display": "100"}, "missing_lines": [], "excluded_lines": [], "functions": {"": {"executed_lines": [], "summary": {"covered_lines": 0, "num_statements": 0, "percent_covered": 100.0, "percent_covered_display": "100", "missing_lines": 0, "excluded_lines": 0, "percent_statements_covered": 100.0, "percent_statements_covered_display": "100"}, "missing_lines": [], "excluded_lines": [], "start_line": 1}}, "classes": {"": {"executed_lines": [], "summary": {"covered_lines": 0, "num_statements": 0, "percent_covered": 100.0, "percent_covered_display": "100", "missing_lines": 0, "excluded_lines": 0, "percent_statements_covered": 100.0, "percent_statements_covered_display": "100"}, "missing_lines": [], "excluded_lines": [], "start_line": 1}}}, "src\\adapters\\ui_gradio\\_state\\_config.py": {"executed_lines": [3, 5, 8, 10], "summary": {"covered_lines": 4, "num_statements": 4, "percent_covered": 100.0, "percent_covered_display": "100", "missing_lines": 0, "excluded_lines": 0, "percent_statements_covered": 100.0, "percent_statements_covered_display": "100"}, "missing_lines": [], "excluded_lines": [], "functions": {"get_default_actor_id": {"executed_lines": [10], "summary": {"covered_lines": 1, "num_statements": 1, "percent_covered": 100.0, "percent_covered_display": "100", "missing_lines": 0, "excluded_lines": 0, "percent_statements_covered": 100.0, "percent_statements_covered_display": "100"}, "missing_lines": [], "excluded_lines": [], "start_line": 8}, "": {"executed_lines": [3, 5, 8], "summary": {"covered_lines": 3, "num_statements": 3, "percent_covered": 100.0, "percent_covered_display": "100", "missing_lines": 0, "excluded_lines": 0, "percent_statements_covered": 100.0, "percent_statements_covered_display": "100"}, "missing_lines": [], "excluded_lines": [], "start_line": 1}}, "classes": {"": {"executed_lines": [3, 5, 8, 10], "summary": {"covered_lines": 4, "num_statements": 4, "percent_covered": 100.0, "percent_covered_display": "100", "missing_lines": 0, "excluded_lines": 0, "percent_statements_covered": 100.0, "percent_statements_covered_display": "100"}, "missing_lines": [], "excluded_lines": [], "start_line": 1}}}, "src\\adapters\\ui_gradio\\_state\\_deployment_zones.py": {"executed_lines": [3, 5, 6, 8, 15, 68, 104, 124, 125, 126, 127, 129, 130, 131, 133, 134, 135, 137, 138, 139, 142, 143, 145, 148, 190, 195, 200, 247, 256, 263, 272], "summary": {"covered_lines": 31, "num_statements": 149, "percent_covered": 20.80536912751678, "percent_covered_display": "21", "missing_lines": 118, "excluded_lines": 0, "percent_statements_covered": 20.80536912751678, "percent_statements_covered_display": "21"}, "missing_lines": [19, 21, 23, 24, 25, 27, 29, 30, 31, 32, 33, 34, 35, 37, 39, 40, 41, 42, 43, 46, 47, 48, 49, 51, 52, 53, 54, 55, 56, 60, 61, 65, 80, 81, 82, 83, 84, 85, 86, 87, 88, 89, 90, 91, 92, 93, 94, 96, 97, 98, 99, 101, 151, 153, 155, 156, 157, 158, 160, 161, 162, 163, 164, 165, 166, 167, 168, 170, 171, 173, 174, 175, 178, 179, 180, 181, 182, 184, 185, 187, 192, 197, 217, 218, 221, 224, 225, 228, 229, 230, 232, 233, 234, 236, 244, 251, 252, 253, 260, 267, 268, 269, 283, 286, 287, 289, 290, 291, 292, 293, 295, 296, 298, 299, 300, 301, 303, 304], "excluded_lines": [], "functions": {"validate_deployment_zone_within_table": {"executed_lines": [], "summary": {"covered_lines": 0, "num_statements": 32, "percent_covered": 0.0, "percent_covered_display": "0", "missing_lines": 32, "excluded_lines": 0, "percent_statements_covered": 0.0, "percent_statements_covered_display": "0"}, "missing_lines": [19, 21, 23, 24, 25, 27, 29, 30, 31, 32, 33, 34, 35, 37, 39, 40, 41, 42, 43, 46, 47, 48, 49, 51, 52, 53, 54, 55, 56, 60, 61, 65], "excluded_lines": [], "start_line": 15}, "calculate_zone_coordinates": {"executed_lines": [], "summary": {"covered_lines": 0, "num_statements": 20, "percent_covered": 0.0, "percent_covered_display": "0", "missing_lines": 20, "excluded_lines": 0, "percent_statements_covered": 0.0, "percent_statements_covered_display": "0"}, "missing_lines": [80, 81, 82, 83, 84, 85, 86, 87, 88, 89, 90, 91, 92, 93, 94, 96, 97, 98, 99, 101], "excluded_lines": [], "start_line": 68}, "validate_separation_coords": {"executed_lines": [124, 125, 126, 127, 129, 130, 131, 133, 134, 135, 137, 138, 139, 142, 143, 145], "summary": {"covered_lines": 16, "num_statements": 16, "percent_covered": 100.0, "percent_covered_display": "100", "missing_lines": 0, "excluded_lines": 0, "percent_statements_covered": 100.0, "percent_statements_covered_display": "100"}, "missing_lines": [], "excluded_lines": [], "start_line": 104}, "deployment_zones_overlap": {"executed_lines": [], "summary": {"covered_lines": 0, "num_statements": 4, "percent_covered": 0.0, "percent_covered_display": "0", "missing_lines": 4, "excluded_lines": 0, "percent_statements_covered": 0.0, "percent_statements_covered_display": "0"}, "missing_lines": [151, 184, 185, 187], "excluded_lines": [], "start_line": 148}, "deployment_zones_overlap.get_bounding_box": {"executed_lines": [], "summary": {"covered_lines": 0, "num_statements": 24, "percent_covered": 0.0, "percent_covered_display": "0", "missing_lines": 24, "excluded_lines": 0, "percent_statements_covered": 0.0, "percent_statements_covered_display": "0"}, "missing_lines": [153, 155, 156, 157, 158, 160, 161, 162, 163, 164, 165, 166, 167, 168, 170, 171, 173, 174, 175, 178, 179, 180, 181, 182], "excluded_lines": [], "start_line": 151}, "calculate_zone_depth": {"executed_lines": [], "summary": {"covered_lines": 0, "num_statements": 1, "percent_covered": 0.0, "percent_covered_display": "0", "missing_lines": 1, "excluded_lines": 0, "percent_statements_covered": 0.0, "percent_statements_covered_display": "0"}, "missing_lines": [192], "excluded_lines": [], "start_line": 190}, "calculate_zone_separation": {"executed_lines": [], "summary": {"covered_lines": 0, "num_statements": 1, "percent_covered": 0.0, "percent_covered_display": "0", "missing_lines": 1, "excluded_lines": 0, "percent_statements_covered": 0.0, "percent_statements_covered_display": "0"}, "missing_lines": [197], "excluded_lines": [], "start_line": 195}, "add_deployment_zone": {"executed_lines": [], "summary": {"covered_lines": 0, "num_statements": 13, "percent_covered": 0.0, "percent_covered_display": "0", "missing_lines": 13, "excluded_lines": 0, "percent_statements_covered": 0.0, "percent_statements_covered_display": "0"}, "missing_lines": [217, 218, 221, 224, 225, 228, 229, 230, 232, 233, 234, 236, 244], "excluded_lines": [], "start_line": 200}, "remove_last_deployment_zone": {"executed_lines": [], "summary": {"covered_lines": 0, "num_statements": 3, "percent_covered": 0.0, "percent_covered_display": "0", "missing_lines": 3, "excluded_lines": 0, "percent_statements_covered": 0.0, "percent_statements_covered_display": "0"}, "missing_lines": [251, 252, 253], "excluded_lines": [], "start_line": 247}, "remove_selected_deployment_zone": {"executed_lines": [], "summary": {"covered_lines": 0, "num_statements": 1, "percent_covered": 0.0, "percent_covered_display": "0", "missing_lines": 1, "excluded_lines": 0, "percent_statements_covered": 0.0, "percent_statements_covered_display": "0"}, "missing_lines": [260], "excluded_lines": [], "start_line": 256}, "get_deployment_zones_choices": {"executed_lines": [], "summary": {"covered_lines": 0, "num_statements": 3, "percent_covered": 0.0, "percent_covered_display": "0", "missing_lines": 3, "excluded_lines": 0, "percent_statements_covered": 0.0, "percent_statements_covered_display": "0"}, "missing_lines": [267, 268, 269], "excluded_lines": [], "start_line": 263}, "update_deployment_zone": {"executed_lines": [], "summary": {"covered_lines": 0, "num_statements": 16, "percent_covered": 0.0, "percent_covered_display": "0", "missing_lines": 16, "excluded_lines": 0, "percent_statements_covered": 0.0, "percent_statements_covered_display": "0"}, "missing_lines": [283, 286, 287, 289, 290, 291, 292, 293, 295, 296, 298, 299, 300, 301, 303, 304], "excluded_lines": [], "start_line": 272}, "": {"executed_lines": [3, 5, 6, 8, 15, 68, 104, 148, 190, 195, 200, 247, 256, 263, 272], "summary": {"covered_lines": 15, "num_statements": 15, "percent_covered": 100.0, "percent_covered_display": "100", "missing_lines": 0, "excluded_lines": 0, "percent_statements_covered": 100.0, "percent_statements_covered_display": "100"}, "missing_lines": [], "excluded_lines": [], "start_line": 1}}, "classes": {"": {"executed_lines": [3, 5, 6, 8, 15, 68, 104, 124, 125, 126, 127, 129, 130, 131, 133, 134, 135, 137, 138, 139, 142, 143, 145, 148, 190, 195, 200, 247, 256, 263, 272], "summary": {"covered_lines": 31, "num_statements": 149, "percent_covered": 20.80536912751678, "percent_covered_display": "21", "missing_lines": 118, "excluded_lines": 0, "percent_statements_covered": 20.80536912751678, "percent_statements_covered_display": "21"}, "missing_lines": [19, 21, 23, 24, 25, 27, 29, 30, 31, 32, 33, 34, 35, 37, 39, 40, 41, 42, 43, 46, 47, 48, 49, 51, 52, 53, 54, 55, 56, 60, 61, 65, 80, 81, 82, 83, 84, 85, 86, 87, 88, 89, 90, 91, 92, 93, 94, 96, 97, 98, 99, 101, 151, 153, 155, 156, 157, 158, 160, 161, 162, 163, 164, 165, 166, 167, 168, 170, 171, 173, 174, 175, 178, 179, 180, 181, 182, 184, 185, 187, 192, 197, 217, 218, 221, 224, 225, 228, 229, 230, 232, 233, 234, 236, 244, 251, 252, 253, 260, 267, 268, 269, 283, 286, 287, 289, 290, 291, 292, 293, 295, 296, 298, 299, 300, 301, 303, 304], "excluded_lines": [], "start_line": 1}}}, "src\\adapters\\ui_gradio\\_state\\_geometry.py": {"executed_lines": [3, 5, 6, 12, 20, 29, 59, 73, 83, 95, 131, 142, 153, 167, 179], "summary": {"covered_lines": 15, "num_statements": 99, "percent_covered": 15.151515151515152, "percent_covered_display": "15", "missing_lines": 84, "excluded_lines": 0, "percent_statements_covered": 15.151515151515152, "percent_statements_covered_display": "15"}, "missing_lines": [14, 15, 16, 17, 22, 23, 24, 25, 26, 36, 37, 38, 40, 41, 42, 43, 44, 45, 46, 47, 48, 50, 51, 53, 61, 62, 63, 65, 66, 67, 69, 70, 75, 76, 78, 87, 88, 90, 97, 98, 101, 102, 105, 106, 109, 117, 125, 135, 136, 137, 138, 139, 146, 147, 148, 149, 150, 157, 158, 159, 160, 161, 162, 163, 164, 171, 172, 176, 183, 185, 186, 187, 188, 189, 191, 192, 193, 194, 195, 196, 200, 201, 202, 204], "excluded_lines": [], "functions": {"get_circle_bounds": {"executed_lines": [], "summary": {"covered_lines": 0, "num_statements": 4, "percent_covered": 0.0, "percent_covered_display": "0", "missing_lines": 4, "excluded_lines": 0, "percent_statements_covered": 0.0, "percent_statements_covered_display": "0"}, "missing_lines": [14, 15, 16, 17], "excluded_lines": [], "start_line": 12}, "get_rect_bounds": {"executed_lines": [], "summary": {"covered_lines": 0, "num_statements": 5, "percent_covered": 0.0, "percent_covered_display": "0", "missing_lines": 5, "excluded_lines": 0, "percent_statements_covered": 0.0, "percent_statements_covered_display": "0"}, "missing_lines": [22, 23, 24, 25, 26], "excluded_lines": [], "start_line": 20}, "get_polygon_bounds": {"executed_lines": [], "summary": {"covered_lines": 0, "num_statements": 15, "percent_covered": 0.0, "percent_covered_display": "0", "missing_lines": 15, "excluded_lines": 0, "percent_statements_covered": 0.0, "percent_statements_covered_display": "0"}, "missing_lines": [36, 37, 38, 40, 41, 42, 43, 44, 45, 46, 47, 48, 50, 51, 53], "excluded_lines": [], "start_line": 29}, "circles_overlap": {"executed_lines": [], "summary": {"covered_lines": 0, "num_statements": 8, "percent_covered": 0.0, "percent_covered_display": "0", "missing_lines": 8, "excluded_lines": 0, "percent_statements_covered": 0.0, "percent_statements_covered_display": "0"}, "missing_lines": [61, 62, 63, 65, 66, 67, 69, 70], "excluded_lines": [], "start_line": 59}, "rects_overlap": {"executed_lines": [], "summary": {"covered_lines": 0, "num_statements": 3, "percent_covered": 0.0, "percent_covered_display": "0", "missing_lines": 3, "excluded_lines": 0, "percent_statements_covered": 0.0, "percent_statements_covered_display": "0"}, "missing_lines": [75, 76, 78], "excluded_lines": [], "start_line": 73}, "bounding_boxes_overlap": {"executed_lines": [], "summary": {"covered_lines": 0, "num_statements": 3, "percent_covered": 0.0, "percent_covered_display": "0", "missing_lines": 3, "excluded_lines": 0, "percent_statements_covered": 0.0, "percent_statements_covered_display": "0"}, "missing_lines": [87, 88, 90], "excluded_lines": [], "start_line": 83}, "shapes_overlap": {"executed_lines": [], "summary": {"covered_lines": 0, "num_statements": 9, "percent_covered": 0.0, "percent_covered_display": "0", "missing_lines": 9, "excluded_lines": 0, "percent_statements_covered": 0.0, "percent_statements_covered_display": "0"}, "missing_lines": [97, 98, 101, 102, 105, 106, 109, 117, 125], "excluded_lines": [], "start_line": 95}, "validate_circle_within_bounds": {"executed_lines": [], "summary": {"covered_lines": 0, "num_statements": 5, "percent_covered": 0.0, "percent_covered_display": "0", "missing_lines": 5, "excluded_lines": 0, "percent_statements_covered": 0.0, "percent_statements_covered_display": "0"}, "missing_lines": [135, 136, 137, 138, 139], "excluded_lines": [], "start_line": 131}, "validate_rect_within_bounds": {"executed_lines": [], "summary": {"covered_lines": 0, "num_statements": 5, "percent_covered": 0.0, "percent_covered_display": "0", "missing_lines": 5, "excluded_lines": 0, "percent_statements_covered": 0.0, "percent_statements_covered_display": "0"}, "missing_lines": [146, 147, 148, 149, 150], "excluded_lines": [], "start_line": 142}, "validate_polygon_within_bounds": {"executed_lines": [], "summary": {"covered_lines": 0, "num_statements": 8, "percent_covered": 0.0, "percent_covered_display": "0", "missing_lines": 8, "excluded_lines": 0, "percent_statements_covered": 0.0, "percent_statements_covered_display": "0"}, "missing_lines": [157, 158, 159, 160, 161, 162, 163, 164], "excluded_lines": [], "start_line": 153}, "delete_polygon_row": {"executed_lines": [], "summary": {"covered_lines": 0, "num_statements": 3, "percent_covered": 0.0, "percent_covered_display": "0", "missing_lines": 3, "excluded_lines": 0, "percent_statements_covered": 0.0, "percent_statements_covered_display": "0"}, "missing_lines": [171, 172, 176], "excluded_lines": [], "start_line": 167}, "validate_shape_within_table": {"executed_lines": [], "summary": {"covered_lines": 0, "num_statements": 16, "percent_covered": 0.0, "percent_covered_display": "0", "missing_lines": 16, "excluded_lines": 0, "percent_statements_covered": 0.0, "percent_statements_covered_display": "0"}, "missing_lines": [183, 185, 186, 187, 188, 189, 191, 192, 193, 194, 195, 196, 200, 201, 202, 204], "excluded_lines": [], "start_line": 179}, "": {"executed_lines": [3, 5, 6, 12, 20, 29, 59, 73, 83, 95, 131, 142, 153, 167, 179], "summary": {"covered_lines": 15, "num_statements": 15, "percent_covered": 100.0, "percent_covered_display": "100", "missing_lines": 0, "excluded_lines": 0, "percent_statements_covered": 100.0, "percent_statements_covered_display": "100"}, "missing_lines": [], "excluded_lines": [], "start_line": 1}}, "classes": {"": {"executed_lines": [3, 5, 6, 12, 20, 29, 59, 73, 83, 95, 131, 142, 153, 167, 179], "summary": {"covered_lines": 15, "num_statements": 99, "percent_covered": 15.151515151515152, "percent_covered_display": "15", "missing_lines": 84, "excluded_lines": 0, "percent_statements_covered": 15.151515151515152, "percent_statements_covered_display": "15"}, "missing_lines": [14, 15, 16, 17, 22, 23, 24, 25, 26, 36, 37, 38, 40, 41, 42, 43, 44, 45, 46, 47, 48, 50, 51, 53, 61, 62, 63, 65, 66, 67, 69, 70, 75, 76, 78, 87, 88, 90, 97, 98, 101, 102, 105, 106, 109, 117, 125, 135, 136, 137, 138, 139, 146, 147, 148, 149, 150, 157, 158, 159, 160, 161, 162, 163, 164, 171, 172, 176, 183, 185, 186, 187, 188, 189, 191, 192, 193, 194, 195, 196, 200, 201, 202, 204], "excluded_lines": [], "start_line": 1}}}, "src\\adapters\\ui_gradio\\_state\\_objective_points.py": {"executed_lines": [3, 5, 6, 9, 58, 67, 74, 93], "summary": {"covered_lines": 8, "num_statements": 50, "percent_covered": 16.0, "percent_covered_display": "16", "missing_lines": 42, "excluded_lines": 0, "percent_statements_covered": 16.0, "percent_statements_covered_display": "16"}, "missing_lines": [23, 24, 27, 28, 32, 33, 39, 40, 41, 46, 47, 52, 53, 55, 62, 63, 64, 71, 78, 79, 80, 106, 107, 111, 112, 117, 118, 119, 120, 121, 126, 127, 128, 129, 130, 131, 132, 133, 134, 135, 137, 138], "excluded_lines": [], "functions": {"add_objective_point": {"executed_lines": [], "summary": {"covered_lines": 0, "num_statements": 14, "percent_covered": 0.0, "percent_covered_display": "0", "missing_lines": 14, "excluded_lines": 0, "percent_statements_covered": 0.0, "percent_statements_covered_display": "0"}, "missing_lines": [23, 24, 27, 28, 32, 33, 39, 40, 41, 46, 47, 52, 53, 55], "excluded_lines": [], "start_line": 9}, "remove_last_objective_point": {"executed_lines": [], "summary": {"covered_lines": 0, "num_statements": 3, "percent_covered": 0.0, "percent_covered_display": "0", "missing_lines": 3, "excluded_lines": 0, "percent_statements_covered": 0.0, "percent_statements_covered_display": "0"}, "missing_lines": [62, 63, 64], "excluded_lines": [], "start_line": 58}, "remove_selected_objective_point": {"executed_lines": [], "summary": {"covered_lines": 0, "num_statements": 1, "percent_covered": 0.0, "percent_covered_display": "0", "missing_lines": 1, "excluded_lines": 0, "percent_statements_covered": 0.0, "percent_statements_covered_display": "0"}, "missing_lines": [71], "excluded_lines": [], "start_line": 67}, "get_objective_points_choices": {"executed_lines": [], "summary": {"covered_lines": 0, "num_statements": 3, "percent_covered": 0.0, "percent_covered_display": "0", "missing_lines": 3, "excluded_lines": 0, "percent_statements_covered": 0.0, "percent_statements_covered_display": "0"}, "missing_lines": [78, 79, 80], "excluded_lines": [], "start_line": 74}, "update_objective_point": {"executed_lines": [], "summary": {"covered_lines": 0, "num_statements": 21, "percent_covered": 0.0, "percent_covered_display": "0", "missing_lines": 21, "excluded_lines": 0, "percent_statements_covered": 0.0, "percent_statements_covered_display": "0"}, "missing_lines": [106, 107, 111, 112, 117, 118, 119, 120, 121, 126, 127, 128, 129, 130, 131, 132, 133, 134, 135, 137, 138], "excluded_lines": [], "start_line": 93}, "": {"executed_lines": [3, 5, 6, 9, 58, 67, 74, 93], "summary": {"covered_lines": 8, "num_statements": 8, "percent_covered": 100.0, "percent_covered_display": "100", "missing_lines": 0, "excluded_lines": 0, "percent_statements_covered": 100.0, "percent_statements_covered_display": "100"}, "missing_lines": [], "excluded_lines": [], "start_line": 1}}, "classes": {"": {"executed_lines": [3, 5, 6, 9, 58, 67, 74, 93], "summary": {"covered_lines": 8, "num_statements": 50, "percent_covered": 16.0, "percent_covered_display": "16", "missing_lines": 42, "excluded_lines": 0, "percent_statements_covered": 16.0, "percent_statements_covered_display": "16"}, "missing_lines": [23, 24, 27, 28, 32, 33, 39, 40, 41, 46, 47, 52, 53, 55, 62, 63, 64, 71, 78, 79, 80, 106, 107, 111, 112, 117, 118, 119, 120, 121, 126, 127, 128, 129, 130, 131, 132, 133, 134, 135, 137, 138], "excluded_lines": [], "start_line": 1}}}, "src\\adapters\\ui_gradio\\_state\\_scenography.py": {"executed_lines": [3, 5, 6, 8, 14, 80, 89, 96, 103], "summary": {"covered_lines": 9, "num_statements": 81, "percent_covered": 11.11111111111111, "percent_covered_display": "11", "missing_lines": 72, "excluded_lines": 0, "percent_statements_covered": 11.11111111111111, "percent_statements_covered_display": "11"}, "missing_lines": [24, 25, 27, 28, 29, 31, 32, 33, 34, 35, 39, 40, 41, 42, 43, 44, 46, 47, 48, 49, 56, 58, 59, 60, 62, 63, 64, 67, 69, 77, 84, 85, 86, 93, 98, 99, 100, 117, 119, 120, 121, 123, 124, 125, 126, 127, 130, 131, 132, 133, 134, 135, 136, 137, 138, 139, 145, 147, 148, 149, 151, 152, 153, 154, 155, 158, 160, 161, 162, 163, 173, 174], "excluded_lines": [], "functions": {"add_scenography_element": {"executed_lines": [], "summary": {"covered_lines": 0, "num_statements": 30, "percent_covered": 0.0, "percent_covered_display": "0", "missing_lines": 30, "excluded_lines": 0, "percent_statements_covered": 0.0, "percent_statements_covered_display": "0"}, "missing_lines": [24, 25, 27, 28, 29, 31, 32, 33, 34, 35, 39, 40, 41, 42, 43, 44, 46, 47, 48, 49, 56, 58, 59, 60, 62, 63, 64, 67, 69, 77], "excluded_lines": [], "start_line": 14}, "remove_last_scenography_element": {"executed_lines": [], "summary": {"covered_lines": 0, "num_statements": 3, "percent_covered": 0.0, "percent_covered_display": "0", "missing_lines": 3, "excluded_lines": 0, "percent_statements_covered": 0.0, "percent_statements_covered_display": "0"}, "missing_lines": [84, 85, 86], "excluded_lines": [], "start_line": 80}, "remove_selected_scenography_element": {"executed_lines": [], "summary": {"covered_lines": 0, "num_statements": 1, "percent_covered": 0.0, "percent_covered_display": "0", "missing_lines": 1, "excluded_lines": 0, "percent_statements_covered": 0.0, "percent_statements_covered_display": "0"}, "missing_lines": [93], "excluded_lines": [], "start_line": 89}, "get_scenography_choices": {"executed_lines": [], "summary": {"covered_lines": 0, "num_statements": 3, "percent_covered": 0.0, "percent_covered_display": "0", "missing_lines": 3, "excluded_lines": 0, "percent_statements_covered": 0.0, "percent_statements_covered_display": "0"}, "missing_lines": [98, 99, 100], "excluded_lines": [], "start_line": 96}, "update_scenography_element": {"executed_lines": [], "summary": {"covered_lines": 0, "num_statements": 35, "percent_covered": 0.0, "percent_covered_display": "0", "missing_lines": 35, "excluded_lines": 0, "percent_statements_covered": 0.0, "percent_statements_covered_display": "0"}, "missing_lines": [117, 119, 120, 121, 123, 124, 125, 126, 127, 130, 131, 132, 133, 134, 135, 136, 137, 138, 139, 145, 147, 148, 149, 151, 152, 153, 154, 155, 158, 160, 161, 162, 163, 173, 174], "excluded_lines": [], "start_line": 103}, "": {"executed_lines": [3, 5, 6, 8, 14, 80, 89, 96, 103], "summary": {"covered_lines": 9, "num_statements": 9, "percent_covered": 100.0, "percent_covered_display": "100", "missing_lines": 0, "excluded_lines": 0, "percent_statements_covered": 100.0, "percent_statements_covered_display": "100"}, "missing_lines": [], "excluded_lines": [], "start_line": 1}}, "classes": {"": {"executed_lines": [3, 5, 6, 8, 14, 80, 89, 96, 103], "summary": {"covered_lines": 9, "num_statements": 81, "percent_covered": 11.11111111111111, "percent_covered_display": "11", "missing_lines": 72, "excluded_lines": 0, "percent_statements_covered": 11.11111111111111, "percent_statements_covered_display": "11"}, "missing_lines": [24, 25, 27, 28, 29, 31, 32, 33, 34, 35, 39, 40, 41, 42, 43, 44, 46, 47, 48, 49, 56, 58, 59, 60, 62, 63, 64, 67, 69, 77, 84, 85, 86, 93, 98, 99, 100, 117, 119, 120, 121, 123, 124, 125, 126, 127, 130, 131, 132, 133, 134, 135, 136, 137, 138, 139, 145, 147, 148, 149, 151, 152, 153, 154, 155, 158, 160, 161, 162, 163, 173, 174], "excluded_lines": [], "start_line": 1}}}, "src\\adapters\\ui_gradio\\_state\\_special_rules.py": {"executed_lines": [3, 5, 6, 9, 22, 28, 31, 35, 36, 37, 40, 47, 56], "summary": {"covered_lines": 13, "num_statements": 18, "percent_covered": 72.22222222222223, "percent_covered_display": "72", "missing_lines": 5, "excluded_lines": 0, "percent_statements_covered": 72.22222222222223, "percent_statements_covered_display": "72"}, "missing_lines": [44, 51, 52, 53, 64], "excluded_lines": [], "functions": {"add_special_rule": {"executed_lines": [22, 28], "summary": {"covered_lines": 2, "num_statements": 2, "percent_covered": 100.0, "percent_covered_display": "100", "missing_lines": 0, "excluded_lines": 0, "percent_statements_covered": 100.0, "percent_statements_covered_display": "100"}, "missing_lines": [], "excluded_lines": [], "start_line": 9}, "remove_last_special_rule": {"executed_lines": [35, 36, 37], "summary": {"covered_lines": 3, "num_statements": 3, "percent_covered": 100.0, "percent_covered_display": "100", "missing_lines": 0, "excluded_lines": 0, "percent_statements_covered": 100.0, "percent_statements_covered_display": "100"}, "missing_lines": [], "excluded_lines": [], "start_line": 31}, "remove_selected_special_rule": {"executed_lines": [], "summary": {"covered_lines": 0, "num_statements": 1, "percent_covered": 0.0, "percent_covered_display": "0", "missing_lines": 1, "excluded_lines": 0, "percent_statements_covered": 0.0, "percent_statements_covered_display": "0"}, "missing_lines": [44], "excluded_lines": [], "start_line": 40}, "get_special_rules_choices": {"executed_lines": [], "summary": {"covered_lines": 0, "num_statements": 3, "percent_covered": 0.0, "percent_covered_display": "0", "missing_lines": 3, "excluded_lines": 0, "percent_statements_covered": 0.0, "percent_statements_covered_display": "0"}, "missing_lines": [51, 52, 53], "excluded_lines": [], "start_line": 47}, "update_special_rule": {"executed_lines": [], "summary": {"covered_lines": 0, "num_statements": 1, "percent_covered": 0.0, "percent_covered_display": "0", "missing_lines": 1, "excluded_lines": 0, "percent_statements_covered": 0.0, "percent_statements_covered_display": "0"}, "missing_lines": [64], "excluded_lines": [], "start_line": 56}, "": {"executed_lines": [3, 5, 6, 9, 31, 40, 47, 56], "summary": {"covered_lines": 8, "num_statements": 8, "percent_covered": 100.0, "percent_covered_display": "100", "missing_lines": 0, "excluded_lines": 0, "percent_statements_covered": 100.0, "percent_statements_covered_display": "100"}, "missing_lines": [], "excluded_lines": [], "start_line": 1}}, "classes": {"": {"executed_lines": [3, 5, 6, 9, 22, 28, 31, 35, 36, 37, 40, 47, 56], "summary": {"covered_lines": 13, "num_statements": 18, "percent_covered": 72.22222222222223, "percent_covered_display": "72", "missing_lines": 5, "excluded_lines": 0, "percent_statements_covered": 72.22222222222223, "percent_statements_covered_display": "72"}, "missing_lines": [44, 51, 52, 53, 64], "excluded_lines": [], "start_line": 1}}}, "src\\adapters\\ui_gradio\\_state\\_victory_points.py": {"executed_lines": [3, 5, 6, 9, 20, 29, 36, 48], "summary": {"covered_lines": 8, "num_statements": 18, "percent_covered": 44.44444444444444, "percent_covered_display": "44", "missing_lines": 10, "excluded_lines": 0, "percent_statements_covered": 44.44444444444444, "percent_statements_covered_display": "44"}, "missing_lines": [13, 17, 24, 25, 26, 33, 40, 41, 42, 54], "excluded_lines": [], "functions": {"add_victory_point": {"executed_lines": [], "summary": {"covered_lines": 0, "num_statements": 2, "percent_covered": 0.0, "percent_covered_display": "0", "missing_lines": 2, "excluded_lines": 0, "percent_statements_covered": 0.0, "percent_statements_covered_display": "0"}, "missing_lines": [13, 17], "excluded_lines": [], "start_line": 9}, "remove_last_victory_point": {"executed_lines": [], "summary": {"covered_lines": 0, "num_statements": 3, "percent_covered": 0.0, "percent_covered_display": "0", "missing_lines": 3, "excluded_lines": 0, "percent_statements_covered": 0.0, "percent_statements_covered_display": "0"}, "missing_lines": [24, 25, 26], "excluded_lines": [], "start_line": 20}, "remove_selected_victory_point": {"executed_lines": [], "summary": {"covered_lines": 0, "num_statements": 1, "percent_covered": 0.0, "percent_covered_display": "0", "missing_lines": 1, "excluded_lines": 0, "percent_statements_covered": 0.0, "percent_statements_covered_display": "0"}, "missing_lines": [33], "excluded_lines": [], "start_line": 29}, "get_victory_points_choices": {"executed_lines": [], "summary": {"covered_lines": 0, "num_statements": 3, "percent_covered": 0.0, "percent_covered_display": "0", "missing_lines": 3, "excluded_lines": 0, "percent_statements_covered": 0.0, "percent_statements_covered_display": "0"}, "missing_lines": [40, 41, 42], "excluded_lines": [], "start_line": 36}, "update_victory_point": {"executed_lines": [], "summary": {"covered_lines": 0, "num_statements": 1, "percent_covered": 0.0, "percent_covered_display": "0", "missing_lines": 1, "excluded_lines": 0, "percent_statements_covered": 0.0, "percent_statements_covered_display": "0"}, "missing_lines": [54], "excluded_lines": [], "start_line": 48}, "": {"executed_lines": [3, 5, 6, 9, 20, 29, 36, 48], "summary": {"covered_lines": 8, "num_statements": 8, "percent_covered": 100.0, "percent_covered_display": "100", "missing_lines": 0, "excluded_lines": 0, "percent_statements_covered": 100.0, "percent_statements_covered_display": "100"}, "missing_lines": [], "excluded_lines": [], "start_line": 1}}, "classes": {"": {"executed_lines": [3, 5, 6, 9, 20, 29, 36, 48], "summary": {"covered_lines": 8, "num_statements": 18, "percent_covered": 44.44444444444444, "percent_covered_display": "44", "missing_lines": 10, "excluded_lines": 0, "percent_statements_covered": 44.44444444444444, "percent_statements_covered_display": "44"}, "missing_lines": [13, 17, 24, 25, 26, 33, 40, 41, 42, 54], "excluded_lines": [], "start_line": 1}}}, "src\\adapters\\ui_gradio\\api_client.py": {"executed_lines": [8, 10, 11, 13, 14, 20, 21, 22, 23, 24, 25, 26, 29, 35, 36, 38, 41, 50, 53, 81, 88, 109, 121, 129, 133, 134, 135, 136], "summary": {"covered_lines": 28, "num_statements": 52, "percent_covered": 53.84615384615385, "percent_covered_display": "54", "missing_lines": 24, "excluded_lines": 0, "percent_statements_covered": 53.84615384615385, "percent_statements_covered_display": "54"}, "missing_lines": [15, 16, 66, 67, 69, 70, 76, 77, 78, 85, 95, 96, 97, 98, 104, 105, 106, 122, 123, 127, 130, 140, 141, 143], "excluded_lines": [], "functions": {"get_api_base_url": {"executed_lines": [35, 36, 38], "summary": {"covered_lines": 3, "num_statements": 3, "percent_covered": 100.0, "percent_covered_display": "100", "missing_lines": 0, "excluded_lines": 0, "percent_statements_covered": 100.0, "percent_statements_covered_display": "100"}, "missing_lines": [], "excluded_lines": [], "start_line": 29}, "build_headers": {"executed_lines": [50], "summary": {"covered_lines": 1, "num_statements": 1, "percent_covered": 100.0, "percent_covered_display": "100", "missing_lines": 0, "excluded_lines": 0, "percent_statements_covered": 100.0, "percent_statements_covered_display": "100"}, "missing_lines": [], "excluded_lines": [], "start_line": 41}, "post_generate_card": {"executed_lines": [], "summary": {"covered_lines": 0, "num_statements": 7, "percent_covered": 0.0, "percent_covered_display": "0", "missing_lines": 7, "excluded_lines": 0, "percent_statements_covered": 0.0, "percent_statements_covered_display": "0"}, "missing_lines": [66, 67, 69, 70, 76, 77, 78], "excluded_lines": [], "start_line": 53}, "call_generate_card": {"executed_lines": [], "summary": {"covered_lines": 0, "num_statements": 1, "percent_covered": 0.0, "percent_covered_display": "0", "missing_lines": 1, "excluded_lines": 0, "percent_statements_covered": 0.0, "percent_statements_covered_display": "0"}, "missing_lines": [85], "excluded_lines": [], "start_line": 81}, "put_update_card": {"executed_lines": [], "summary": {"covered_lines": 0, "num_statements": 7, "percent_covered": 0.0, "percent_covered_display": "0", "missing_lines": 7, "excluded_lines": 0, "percent_statements_covered": 0.0, "percent_statements_covered_display": "0"}, "missing_lines": [95, 96, 97, 98, 104, 105, 106], "excluded_lines": [], "start_line": 88}, "normalize_error": {"executed_lines": [121, 129, 133, 134, 135, 136], "summary": {"covered_lines": 6, "num_statements": 13, "percent_covered": 46.15384615384615, "percent_covered_display": "46", "missing_lines": 7, "excluded_lines": 0, "percent_statements_covered": 46.15384615384615, "percent_statements_covered_display": "46"}, "missing_lines": [122, 123, 127, 130, 140, 141, 143], "excluded_lines": [], "start_line": 109}, "": {"executed_lines": [8, 10, 11, 13, 14, 20, 21, 22, 23, 24, 25, 26, 29, 41, 53, 81, 88, 109], "summary": {"covered_lines": 18, "num_statements": 20, "percent_covered": 90.0, "percent_covered_display": "90", "missing_lines": 2, "excluded_lines": 0, "percent_statements_covered": 90.0, "percent_statements_covered_display": "90"}, "missing_lines": [15, 16], "excluded_lines": [], "start_line": 1}}, "classes": {"": {"executed_lines": [8, 10, 11, 13, 14, 20, 21, 22, 23, 24, 25, 26, 29, 35, 36, 38, 41, 50, 53, 81, 88, 109, 121, 129, 133, 134, 135, 136], "summary": {"covered_lines": 28, "num_statements": 52, "percent_covered": 53.84615384615385, "percent_covered_display": "54", "missing_lines": 24, "excluded_lines": 0, "percent_statements_covered": 53.84615384615385, "percent_statements_covered_display": "54"}, "missing_lines": [15, 16, 66, 67, 69, 70, 76, 77, 78, 85, 95, 96, 97, 98, 104, 105, 106, 122, 123, 127, 130, 140, 141, 143], "excluded_lines": [], "start_line": 1}}}, "src\\adapters\\ui_gradio\\app.py": {"executed_lines": [10, 12, 13, 16, 26, 27, 28, 29, 30, 31, 32, 33, 34, 39, 50, 51, 52, 53, 54, 55, 56, 57, 63, 75, 77, 79, 82, 83, 84, 85, 90, 113, 134, 152, 155, 156, 162, 168, 170, 174, 178, 187, 205, 222, 259, 276, 307, 312, 317, 319, 324, 334, 345, 363, 373, 378, 385, 390, 397, 412, 430, 450, 508, 527, 533, 543, 672, 678], "summary": {"covered_lines": 68, "num_statements": 75, "percent_covered": 90.66666666666667, "percent_covered_display": "91", "missing_lines": 7, "excluded_lines": 0, "percent_statements_covered": 90.66666666666667, "percent_statements_covered_display": "91"}, "missing_lines": [17, 18, 19, 20, 23, 24, 679], "excluded_lines": [], "functions": {"build_app": {"executed_lines": [75, 77, 79, 82, 83, 84, 85, 90, 113, 134, 152, 155, 156, 162, 168, 170, 174, 178, 187, 205, 222, 259, 276, 307, 312, 317, 319, 324, 334, 345, 363, 373, 378, 385, 390, 397, 412, 430, 450, 508, 527, 533, 543, 672], "summary": {"covered_lines": 44, "num_statements": 44, "percent_covered": 100.0, "percent_covered_display": "100", "missing_lines": 0, "excluded_lines": 0, "percent_statements_covered": 100.0, "percent_statements_covered_display": "100"}, "missing_lines": [], "excluded_lines": [], "start_line": 63}, "": {"executed_lines": [10, 12, 13, 16, 26, 27, 28, 29, 30, 31, 32, 33, 34, 39, 50, 51, 52, 53, 54, 55, 56, 57, 63, 678], "summary": {"covered_lines": 24, "num_statements": 31, "percent_covered": 77.41935483870968, "percent_covered_display": "77", "missing_lines": 7, "excluded_lines": 0, "percent_statements_covered": 77.41935483870968, "percent_statements_covered_display": "77"}, "missing_lines": [17, 18, 19, 20, 23, 24, 679], "excluded_lines": [], "start_line": 1}}, "classes": {"": {"executed_lines": [10, 12, 13, 16, 26, 27, 28, 29, 30, 31, 32, 33, 34, 39, 50, 51, 52, 53, 54, 55, 56, 57, 63, 75, 77, 79, 82, 83, 84, 85, 90, 113, 134, 152, 155, 156, 162, 168, 170, 174, 178, 187, 205, 222, 259, 276, 307, 312, 317, 319, 324, 334, 345, 363, 373, 378, 385, 390, 397, 412, 430, 450, 508, 527, 533, 543, 672, 678], "summary": {"covered_lines": 68, "num_statements": 75, "percent_covered": 90.66666666666667, "percent_covered_display": "91", "missing_lines": 7, "excluded_lines": 0, "percent_statements_covered": 90.66666666666667, "percent_statements_covered_display": "91"}, "missing_lines": [17, 18, 19, 20, 23, 24, 679], "excluded_lines": [], "start_line": 1}}}, "src\\adapters\\ui_gradio\\builders\\__init__.py": {"executed_lines": [], "summary": {"covered_lines": 0, "num_statements": 0, "percent_covered": 100.0, "percent_covered_display": "100", "missing_lines": 0, "excluded_lines": 0, "percent_statements_covered": 100.0, "percent_statements_covered_display": "100"}, "missing_lines": [], "excluded_lines": [], "functions": {"": {"executed_lines": [], "summary": {"covered_lines": 0, "num_statements": 0, "percent_covered": 100.0, "percent_covered_display": "100", "missing_lines": 0, "excluded_lines": 0, "percent_statements_covered": 100.0, "percent_statements_covered_display": "100"}, "missing_lines": [], "excluded_lines": [], "start_line": 1}}, "classes": {"": {"executed_lines": [], "summary": {"covered_lines": 0, "num_statements": 0, "percent_covered": 100.0, "percent_covered_display": "100", "missing_lines": 0, "excluded_lines": 0, "percent_statements_covered": 100.0, "percent_statements_covered_display": "100"}, "missing_lines": [], "excluded_lines": [], "start_line": 1}}}, "src\\adapters\\ui_gradio\\builders\\_payload\\__init__.py": {"executed_lines": [], "summary": {"covered_lines": 0, "num_statements": 0, "percent_covered": 100.0, "percent_covered_display": "100", "missing_lines": 0, "excluded_lines": 0, "percent_statements_covered": 100.0, "percent_statements_covered_display": "100"}, "missing_lines": [], "excluded_lines": [], "functions": {"": {"executed_lines": [], "summary": {"covered_lines": 0, "num_statements": 0, "percent_covered": 100.0, "percent_covered_display": "100", "missing_lines": 0, "excluded_lines": 0, "percent_statements_covered": 100.0, "percent_statements_covered_display": "100"}, "missing_lines": [], "excluded_lines": [], "start_line": 1}}, "classes": {"": {"executed_lines": [], "summary": {"covered_lines": 0, "num_statements": 0, "percent_covered": 100.0, "percent_covered_display": "100", "missing_lines": 0, "excluded_lines": 0, "percent_statements_covered": 100.0, "percent_statements_covered_display": "100"}, "missing_lines": [], "excluded_lines": [], "start_line": 1}}}, "src\\adapters\\ui_gradio\\builders\\_payload\\_required_fields.py": {"executed_lines": [6, 8, 10, 17, 45, 48, 49, 50, 51, 52, 55, 56, 59, 60, 63, 64, 67, 68, 71, 72, 73, 75, 76, 77, 78, 84, 87, 88, 91, 92, 95, 96, 99, 100, 103, 104, 105, 106, 107, 108, 113, 114, 115, 116, 117, 120, 121, 122, 123, 125, 126, 128, 130, 132, 133, 135, 136, 143, 148, 149, 150, 151, 152, 154, 155, 156, 157, 161, 162, 166, 167, 171, 178, 179, 180, 181, 182, 184, 185, 186, 187, 191, 199, 200, 201, 202, 203, 205, 209, 210, 214, 215, 216, 217, 218, 223, 228, 229, 233, 234, 235, 236, 237, 238, 243, 248, 249, 252, 257, 258, 259, 260, 264, 265, 268, 270], "summary": {"covered_lines": 116, "num_statements": 127, "percent_covered": 91.33858267716535, "percent_covered_display": "91", "missing_lines": 11, "excluded_lines": 0, "percent_statements_covered": 91.33858267716535, "percent_statements_covered_display": "91"}, "missing_lines": [137, 138, 144, 172, 192, 206, 219, 224, 239, 244, 253], "excluded_lines": [], "functions": {"validate_required_fields": {"executed_lines": [45, 48, 49, 50, 51, 52, 55, 56, 59, 60, 63, 64, 67, 68, 71, 72, 73, 75, 76, 77, 78, 84, 87, 88, 91, 92, 95, 96, 99, 100, 103, 104, 105, 106, 107, 108, 113, 114, 115, 116, 117, 120, 121, 122, 123, 125, 126, 128, 130, 132, 133, 135, 136, 143, 148, 149, 150, 151, 152, 154, 155, 156, 157, 161, 162, 166, 167, 171, 178, 179, 180, 181, 182, 184, 185, 186, 187, 191, 199, 200, 201, 202, 203, 205, 209, 210, 214, 215, 216, 217, 218, 223, 228, 229, 233, 234, 235, 236, 237, 238, 243, 248, 249, 252, 257, 258, 259, 260, 264, 265, 268, 270], "summary": {"covered_lines": 112, "num_statements": 123, "percent_covered": 91.0569105691057, "percent_covered_display": "91", "missing_lines": 11, "excluded_lines": 0, "percent_statements_covered": 91.0569105691057, "percent_statements_covered_display": "91"}, "missing_lines": [137, 138, 144, 172, 192, 206, 219, 224, 239, 244, 253], "excluded_lines": [], "start_line": 17}, "": {"executed_lines": [6, 8, 10, 17], "summary": {"covered_lines": 4, "num_statements": 4, "percent_covered": 100.0, "percent_covered_display": "100", "missing_lines": 0, "excluded_lines": 0, "percent_statements_covered": 100.0, "percent_statements_covered_display": "100"}, "missing_lines": [], "excluded_lines": [], "start_line": 1}}, "classes": {"": {"executed_lines": [6, 8, 10, 17, 45, 48, 49, 50, 51, 52, 55, 56, 59, 60, 63, 64, 67, 68, 71, 72, 73, 75, 76, 77, 78, 84, 87, 88, 91, 92, 95, 96, 99, 100, 103, 104, 105, 106, 107, 108, 113, 114, 115, 116, 117, 120, 121, 122, 123, 125, 126, 128, 130, 132, 133, 135, 136, 143, 148, 149, 150, 151, 152, 154, 155, 156, 157, 161, 162, 166, 167, 171, 178, 179, 180, 181, 182, 184, 185, 186, 187, 191, 199, 200, 201, 202, 203, 205, 209, 210, 214, 215, 216, 217, 218, 223, 228, 229, 233, 234, 235, 236, 237, 238, 243, 248, 249, 252, 257, 258, 259, 260, 264, 265, 268, 270], "summary": {"covered_lines": 116, "num_statements": 127, "percent_covered": 91.33858267716535, "percent_covered_display": "91", "missing_lines": 11, "excluded_lines": 0, "percent_statements_covered": 91.33858267716535, "percent_statements_covered_display": "91"}, "missing_lines": [137, 138, 144, 172, 192, 206, 219, 224, 239, 244, 253], "excluded_lines": [], "start_line": 1}}}, "src\\adapters\\ui_gradio\\builders\\_payload\\_rules.py": {"executed_lines": [6, 8, 10, 13, 26, 27, 29, 30, 31, 32, 33, 35, 36, 37, 38, 42, 43, 45, 46, 47, 49, 51, 53, 54], "summary": {"covered_lines": 24, "num_statements": 24, "percent_covered": 100.0, "percent_covered_display": "100", "missing_lines": 0, "excluded_lines": 0, "percent_statements_covered": 100.0, "percent_statements_covered_display": "100"}, "missing_lines": [], "excluded_lines": [], "functions": {"apply_special_rules": {"executed_lines": [26, 27, 29, 30, 31, 32, 33, 35, 36, 37, 38, 42, 43, 45, 46, 47, 49, 51, 53, 54], "summary": {"covered_lines": 20, "num_statements": 20, "percent_covered": 100.0, "percent_covered_display": "100", "missing_lines": 0, "excluded_lines": 0, "percent_statements_covered": 100.0, "percent_statements_covered_display": "100"}, "missing_lines": [], "excluded_lines": [], "start_line": 13}, "": {"executed_lines": [6, 8, 10, 13], "summary": {"covered_lines": 4, "num_statements": 4, "percent_covered": 100.0, "percent_covered_display": "100", "missing_lines": 0, "excluded_lines": 0, "percent_statements_covered": 100.0, "percent_statements_covered_display": "100"}, "missing_lines": [], "excluded_lines": [], "start_line": 1}}, "classes": {"": {"executed_lines": [6, 8, 10, 13, 26, 27, 29, 30, 31, 32, 33, 35, 36, 37, 38, 42, 43, 45, 46, 47, 49, 51, 53, 54], "summary": {"covered_lines": 24, "num_statements": 24, "percent_covered": 100.0, "percent_covered_display": "100", "missing_lines": 0, "excluded_lines": 0, "percent_statements_covered": 100.0, "percent_statements_covered_display": "100"}, "missing_lines": [], "excluded_lines": [], "start_line": 1}}}, "src\\adapters\\ui_gradio\\builders\\_payload\\_table.py": {"executed_lines": [6, 8, 11, 12, 15, 22, 43, 45, 46, 47, 49, 50, 52, 58, 63, 64, 65, 66, 68, 69], "summary": {"covered_lines": 20, "num_statements": 20, "percent_covered": 100.0, "percent_covered_display": "100", "missing_lines": 0, "excluded_lines": 0, "percent_statements_covered": 100.0, "percent_statements_covered_display": "100"}, "missing_lines": [], "excluded_lines": [], "functions": {"apply_table_config": {"executed_lines": [43, 45, 46, 47, 49, 50, 52, 58, 63, 64, 65, 66, 68, 69], "summary": {"covered_lines": 14, "num_statements": 14, "percent_covered": 100.0, "percent_covered_display": "100", "missing_lines": 0, "excluded_lines": 0, "percent_statements_covered": 100.0, "percent_statements_covered_display": "100"}, "missing_lines": [], "excluded_lines": [], "start_line": 22}, "": {"executed_lines": [6, 8, 11, 12, 15, 22], "summary": {"covered_lines": 6, "num_statements": 6, "percent_covered": 100.0, "percent_covered_display": "100", "missing_lines": 0, "excluded_lines": 0, "percent_statements_covered": 100.0, "percent_statements_covered_display": "100"}, "missing_lines": [], "excluded_lines": [], "start_line": 1}}, "classes": {"": {"executed_lines": [6, 8, 11, 12, 15, 22, 43, 45, 46, 47, 49, 50, 52, 58, 63, 64, 65, 66, 68, 69], "summary": {"covered_lines": 20, "num_statements": 20, "percent_covered": 100.0, "percent_covered_display": "100", "missing_lines": 0, "excluded_lines": 0, "percent_statements_covered": 100.0, "percent_statements_covered_display": "100"}, "missing_lines": [], "excluded_lines": [], "start_line": 1}}}, "src\\adapters\\ui_gradio\\builders\\_payload\\_text_fields.py": {"executed_lines": [6, 8, 11, 31, 40, 41, 42], "summary": {"covered_lines": 7, "num_statements": 7, "percent_covered": 100.0, "percent_covered_display": "100", "missing_lines": 0, "excluded_lines": 0, "percent_statements_covered": 100.0, "percent_statements_covered_display": "100"}, "missing_lines": [], "excluded_lines": [], "functions": {"apply_optional_text_fields": {"executed_lines": [31, 40, 41, 42], "summary": {"covered_lines": 4, "num_statements": 4, "percent_covered": 100.0, "percent_covered_display": "100", "missing_lines": 0, "excluded_lines": 0, "percent_statements_covered": 100.0, "percent_statements_covered_display": "100"}, "missing_lines": [], "excluded_lines": [], "start_line": 11}, "": {"executed_lines": [6, 8, 11], "summary": {"covered_lines": 3, "num_statements": 3, "percent_covered": 100.0, "percent_covered_display": "100", "missing_lines": 0, "excluded_lines": 0, "percent_statements_covered": 100.0, "percent_statements_covered_display": "100"}, "missing_lines": [], "excluded_lines": [], "start_line": 1}}, "classes": {"": {"executed_lines": [6, 8, 11, 31, 40, 41, 42], "summary": {"covered_lines": 7, "num_statements": 7, "percent_covered": 100.0, "percent_covered_display": "100", "missing_lines": 0, "excluded_lines": 0, "percent_statements_covered": 100.0, "percent_statements_covered_display": "100"}, "missing_lines": [], "excluded_lines": [], "start_line": 1}}}, "src\\adapters\\ui_gradio\\builders\\_payload\\_victory_points.py": {"executed_lines": [6, 8, 11, 22, 23, 25, 26, 27, 28, 29, 30, 32], "summary": {"covered_lines": 12, "num_statements": 12, "percent_covered": 100.0, "percent_covered_display": "100", "missing_lines": 0, "excluded_lines": 0, "percent_statements_covered": 100.0, "percent_statements_covered_display": "100"}, "missing_lines": [], "excluded_lines": [], "functions": {"validate_victory_points": {"executed_lines": [22, 23, 25, 26, 27, 28, 29, 30, 32], "summary": {"covered_lines": 9, "num_statements": 9, "percent_covered": 100.0, "percent_covered_display": "100", "missing_lines": 0, "excluded_lines": 0, "percent_statements_covered": 100.0, "percent_statements_covered_display": "100"}, "missing_lines": [], "excluded_lines": [], "start_line": 11}, "": {"executed_lines": [6, 8, 11], "summary": {"covered_lines": 3, "num_statements": 3, "percent_covered": 100.0, "percent_covered_display": "100", "missing_lines": 0, "excluded_lines": 0, "percent_statements_covered": 100.0, "percent_statements_covered_display": "100"}, "missing_lines": [], "excluded_lines": [], "start_line": 1}}, "classes": {"": {"executed_lines": [6, 8, 11, 22, 23, 25, 26, 27, 28, 29, 30, 32], "summary": {"covered_lines": 12, "num_statements": 12, "percent_covered": 100.0, "percent_covered_display": "100", "missing_lines": 0, "excluded_lines": 0, "percent_statements_covered": 100.0, "percent_statements_covered_display": "100"}, "missing_lines": [], "excluded_lines": [], "start_line": 1}}}, "src\\adapters\\ui_gradio\\builders\\_payload\\_visibility.py": {"executed_lines": [6, 8, 11, 23, 25, 26, 27, 28], "summary": {"covered_lines": 8, "num_statements": 8, "percent_covered": 100.0, "percent_covered_display": "100", "missing_lines": 0, "excluded_lines": 0, "percent_statements_covered": 100.0, "percent_statements_covered_display": "100"}, "missing_lines": [], "excluded_lines": [], "functions": {"apply_visibility": {"executed_lines": [23, 25, 26, 27, 28], "summary": {"covered_lines": 5, "num_statements": 5, "percent_covered": 100.0, "percent_covered_display": "100", "missing_lines": 0, "excluded_lines": 0, "percent_statements_covered": 100.0, "percent_statements_covered_display": "100"}, "missing_lines": [], "excluded_lines": [], "start_line": 11}, "": {"executed_lines": [6, 8, 11], "summary": {"covered_lines": 3, "num_statements": 3, "percent_covered": 100.0, "percent_covered_display": "100", "missing_lines": 0, "excluded_lines": 0, "percent_statements_covered": 100.0, "percent_statements_covered_display": "100"}, "missing_lines": [], "excluded_lines": [], "start_line": 1}}, "classes": {"": {"executed_lines": [6, 8, 11, 23, 25, 26, 27, 28], "summary": {"covered_lines": 8, "num_statements": 8, "percent_covered": 100.0, "percent_covered_display": "100", "missing_lines": 0, "excluded_lines": 0, "percent_statements_covered": 100.0, "percent_statements_covered_display": "100"}, "missing_lines": [], "excluded_lines": [], "start_line": 1}}}, "src\\adapters\\ui_gradio\\builders\\payload.py": {"executed_lines": [7, 9, 11, 14, 17, 23, 26, 29, 34, 44], "summary": {"covered_lines": 10, "num_statements": 10, "percent_covered": 100.0, "percent_covered_display": "100", "missing_lines": 0, "excluded_lines": 0, "percent_statements_covered": 100.0, "percent_statements_covered_display": "100"}, "missing_lines": [], "excluded_lines": [], "functions": {"build_generate_payload": {"executed_lines": [44], "summary": {"covered_lines": 1, "num_statements": 1, "percent_covered": 100.0, "percent_covered_display": "100", "missing_lines": 0, "excluded_lines": 0, "percent_statements_covered": 100.0, "percent_statements_covered_display": "100"}, "missing_lines": [], "excluded_lines": [], "start_line": 34}, "": {"executed_lines": [7, 9, 11, 14, 17, 23, 26, 29, 34], "summary": {"covered_lines": 9, "num_statements": 9, "percent_covered": 100.0, "percent_covered_display": "100", "missing_lines": 0, "excluded_lines": 0, "percent_statements_covered": 100.0, "percent_statements_covered_display": "100"}, "missing_lines": [], "excluded_lines": [], "start_line": 1}}, "classes": {"": {"executed_lines": [7, 9, 11, 14, 17, 23, 26, 29, 34, 44]
[...]
ered": 0.0, "percent_statements_covered_display": "0"}, "missing_lines": [88], "excluded_lines": [], "start_line": 85}, "SvgMapRenderer._find_best_objective_position": {"executed_lines": [], "summary": {"covered_lines": 0, "num_statements": 1, "percent_covered": 0.0, "percent_covered_display": "0", "missing_lines": 1, "excluded_lines": 0, "percent_statements_covered": 0.0, "percent_statements_covered_display": "0"}, "missing_lines": [95], "excluded_lines": [], "start_line": 92}, "SvgMapRenderer._svg_header": {"executed_lines": [], "summary": {"covered_lines": 0, "num_statements": 1, "percent_covered": 0.0, "percent_covered_display": "0", "missing_lines": 1, "excluded_lines": 0, "percent_statements_covered": 0.0, "percent_statements_covered_display": "0"}, "missing_lines": [101], "excluded_lines": [], "start_line": 100}, "SvgMapRenderer._rect_svg": {"executed_lines": [104], "summary": {"covered_lines": 1, "num_statements": 1, "percent_covered": 100.0, "percent_covered_display": "100", "missing_lines": 0, "excluded_lines": 0, "percent_statements_covered": 100.0, "percent_statements_covered_display": "100"}, "missing_lines": [], "excluded_lines": [], "start_line": 103}, "SvgMapRenderer._circle_svg": {"executed_lines": [107], "summary": {"covered_lines": 1, "num_statements": 1, "percent_covered": 100.0, "percent_covered_display": "100", "missing_lines": 0, "excluded_lines": 0, "percent_statements_covered": 100.0, "percent_statements_covered_display": "100"}, "missing_lines": [], "excluded_lines": [], "start_line": 106}, "SvgMapRenderer._polygon_svg": {"executed_lines": [110], "summary": {"covered_lines": 1, "num_statements": 1, "percent_covered": 100.0, "percent_covered_display": "100", "missing_lines": 0, "excluded_lines": 0, "percent_statements_covered": 100.0, "percent_statements_covered_display": "100"}, "missing_lines": [], "excluded_lines": [], "start_line": 109}, "SvgMapRenderer._objective_point_svg": {"executed_lines": [], "summary": {"covered_lines": 0, "num_statements": 1, "percent_covered": 0.0, "percent_covered_display": "0", "missing_lines": 1, "excluded_lines": 0, "percent_statements_covered": 0.0, "percent_statements_covered_display": "0"}, "missing_lines": [113], "excluded_lines": [], "start_line": 112}, "SvgMapRenderer._shape_svg": {"executed_lines": [], "summary": {"covered_lines": 0, "num_statements": 1, "percent_covered": 0.0, "percent_covered_display": "0", "missing_lines": 1, "excluded_lines": 0, "percent_statements_covered": 0.0, "percent_statements_covered_display": "0"}, "missing_lines": [116], "excluded_lines": [], "start_line": 115}, "SvgMapRenderer._text_label_svg": {"executed_lines": [122], "summary": {"covered_lines": 1, "num_statements": 1, "percent_covered": 100.0, "percent_covered_display": "100", "missing_lines": 0, "excluded_lines": 0, "percent_statements_covered": 100.0, "percent_statements_covered_display": "100"}, "missing_lines": [], "excluded_lines": [], "start_line": 118}, "SvgMapRenderer.render": {"executed_lines": [136, 137, 139, 140, 142, 145, 148, 153, 159, 160, 161, 162, 165, 166, 167, 168, 169, 172, 174], "summary": {"covered_lines": 19, "num_statements": 19, "percent_covered": 100.0, "percent_covered_display": "100", "missing_lines": 0, "excluded_lines": 0, "percent_statements_covered": 100.0, "percent_statements_covered_display": "100"}, "missing_lines": [], "excluded_lines": [], "start_line": 126}, "SvgMapRenderer._render_shape_label": {"executed_lines": [178, 179, 182, 184, 185, 186, 188, 189, 190, 192, 193, 194, 196, 197, 198, 199, 202], "summary": {"covered_lines": 17, "num_statements": 19, "percent_covered": 89.47368421052632, "percent_covered_display": "89", "missing_lines": 2, "excluded_lines": 0, "percent_statements_covered": 89.47368421052632, "percent_statements_covered_display": "89"}, "missing_lines": [180, 207], "excluded_lines": [], "start_line": 176}, "SvgMapRenderer.render_svg": {"executed_lines": [], "summary": {"covered_lines": 0, "num_statements": 5, "percent_covered": 0.0, "percent_covered_display": "0", "missing_lines": 5, "excluded_lines": 0, "percent_statements_covered": 0.0, "percent_statements_covered_display": "0"}, "missing_lines": [211, 212, 213, 215, 216], "excluded_lines": [], "start_line": 209}, "": {"executed_lines": [8, 10, 19, 28, 36, 42, 64, 67, 70, 73, 76, 85, 92, 100, 103, 106, 109, 112, 115, 118, 126, 176, 209], "summary": {"covered_lines": 23, "num_statements": 23, "percent_covered": 100.0, "percent_covered_display": "100", "missing_lines": 0, "excluded_lines": 7, "percent_statements_covered": 100.0, "percent_statements_covered_display": "100"}, "missing_lines": [], "excluded_lines": [48, 51, 52, 55, 56, 59, 60], "start_line": 1}}, "classes": {"SvgMapRenderer": {"executed_lines": [44, 45, 74, 104, 107, 110, 122, 136, 137, 139, 140, 142, 145, 148, 153, 159, 160, 161, 162, 165, 166, 167, 168, 169, 172, 174, 178, 179, 182, 184, 185, 186, 188, 189, 190, 192, 193, 194, 196, 197, 198, 199, 202], "summary": {"covered_lines": 43, "num_statements": 59, "percent_covered": 72.88135593220339, "percent_covered_display": "73", "missing_lines": 16, "excluded_lines": 4, "percent_statements_covered": 72.88135593220339, "percent_statements_covered_display": "73"}, "missing_lines": [65, 68, 71, 80, 88, 95, 101, 113, 116, 180, 207, 211, 212, 213, 215, 216], "excluded_lines": [49, 53, 57, 61], "start_line": 36}, "": {"executed_lines": [8, 10, 19, 28, 36, 42, 64, 67, 70, 73, 76, 85, 92, 100, 103, 106, 109, 112, 115, 118, 126, 176, 209], "summary": {"covered_lines": 23, "num_statements": 23, "percent_covered": 100.0, "percent_covered_display": "100", "missing_lines": 0, "excluded_lines": 7, "percent_statements_covered": 100.0, "percent_statements_covered_display": "100"}, "missing_lines": [], "excluded_lines": [48, 51, 52, 55, 56, 59, 60], "start_line": 1}}}, "src\\infrastructure\\maps\\svg_renderer.py": {"executed_lines": [1, 4, 5, 6, 7, 8], "summary": {"covered_lines": 6, "num_statements": 6, "percent_covered": 100.0, "percent_covered_display": "100", "missing_lines": 0, "excluded_lines": 0, "percent_statements_covered": 100.0, "percent_statements_covered_display": "100"}, "missing_lines": [], "excluded_lines": [], "functions": {"SvgRenderer.render_svg": {"executed_lines": [6, 7, 8], "summary": {"covered_lines": 3, "num_statements": 3, "percent_covered": 100.0, "percent_covered_display": "100", "missing_lines": 0, "excluded_lines": 0, "percent_statements_covered": 100.0, "percent_statements_covered_display": "100"}, "missing_lines": [], "excluded_lines": [], "start_line": 5}, "": {"executed_lines": [1, 4, 5], "summary": {"covered_lines": 3, "num_statements": 3, "percent_covered": 100.0, "percent_covered_display": "100", "missing_lines": 0, "excluded_lines": 0, "percent_statements_covered": 100.0, "percent_statements_covered_display": "100"}, "missing_lines": [], "excluded_lines": [], "start_line": 1}}, "classes": {"SvgRenderer": {"executed_lines": [6, 7, 8], "summary": {"covered_lines": 3, "num_statements": 3, "percent_covered": 100.0, "percent_covered_display": "100", "missing_lines": 0, "excluded_lines": 0, "percent_statements_covered": 100.0, "percent_statements_covered_display": "100"}, "missing_lines": [], "excluded_lines": [], "start_line": 4}, "": {"executed_lines": [1, 4, 5], "summary": {"covered_lines": 3, "num_statements": 3, "percent_covered": 100.0, "percent_covered_display": "100", "missing_lines": 0, "excluded_lines": 0, "percent_statements_covered": 100.0, "percent_statements_covered_display": "100"}, "missing_lines": [], "excluded_lines": [], "start_line": 1}}}, "src\\infrastructure\\repositories\\__init__.py": {"executed_lines": [], "summary": {"covered_lines": 0, "num_statements": 0, "percent_covered": 100.0, "percent_covered_display": "100", "missing_lines": 0, "excluded_lines": 0, "percent_statements_covered": 100.0, "percent_statements_covered_display": "100"}, "missing_lines": [], "excluded_lines": [], "functions": {"": {"executed_lines": [], "summary": {"covered_lines": 0, "num_statements": 0, "percent_covered": 100.0, "percent_covered_display": "100", "missing_lines": 0, "excluded_lines": 0, "percent_statements_covered": 100.0, "percent_statements_covered_display": "100"}, "missing_lines": [], "excluded_lines": [], "start_line": 1}}, "classes": {"": {"executed_lines": [], "summary": {"covered_lines": 0, "num_statements": 0, "percent_covered": 100.0, "percent_covered_display": "100", "missing_lines": 0, "excluded_lines": 0, "percent_statements_covered": 100.0, "percent_statements_covered_display": "100"}, "missing_lines": [], "excluded_lines": [], "start_line": 1}}}, "src\\infrastructure\\repositories\\in_memory_card_repository.py": {"executed_lines": [8, 10, 12, 15, 22, 24, 26, 34, 36, 45, 47, 61, 67], "summary": {"covered_lines": 13, "num_statements": 17, "percent_covered": 76.47058823529412, "percent_covered_display": "76", "missing_lines": 4, "excluded_lines": 0, "percent_statements_covered": 76.47058823529412, "percent_statements_covered_display": "76"}, "missing_lines": [56, 57, 58, 59], "excluded_lines": [], "functions": {"InMemoryCardRepository.__init__": {"executed_lines": [24], "summary": {"covered_lines": 1, "num_statements": 1, "percent_covered": 100.0, "percent_covered_display": "100", "missing_lines": 0, "excluded_lines": 0, "percent_statements_covered": 100.0, "percent_statements_covered_display": "100"}, "missing_lines": [], "excluded_lines": [], "start_line": 22}, "InMemoryCardRepository.save": {"executed_lines": [34], "summary": {"covered_lines": 1, "num_statements": 1, "percent_covered": 100.0, "percent_covered_display": "100", "missing_lines": 0, "excluded_lines": 0, "percent_statements_covered": 100.0, "percent_statements_covered_display": "100"}, "missing_lines": [], "excluded_lines": [], "start_line": 26}, "InMemoryCardRepository.get_by_id": {"executed_lines": [45], "summary": {"covered_lines": 1, "num_statements": 1, "percent_covered": 100.0, "percent_covered_display": "100", "missing_lines": 0, "excluded_lines": 0, "percent_statements_covered": 100.0, "percent_statements_covered_display": "100"}, "missing_lines": [], "excluded_lines": [], "start_line": 36}, "InMemoryCardRepository.delete": {"executed_lines": [], "summary": {"covered_lines": 0, "num_statements": 4, "percent_covered": 0.0, "percent_covered_display": "0", "missing_lines": 4, "excluded_lines": 0, "percent_statements_covered": 0.0, "percent_statements_covered_display": "0"}, "missing_lines": [56, 57, 58, 59], "excluded_lines": [], "start_line": 47}, "InMemoryCardRepository.list_all": {"executed_lines": [67], "summary": {"covered_lines": 1, "num_statements": 1, "percent_covered": 100.0, "percent_covered_display": "100", "missing_lines": 0, "excluded_lines": 0, "percent_statements_covered": 100.0, "percent_statements_covered_display": "100"}, "missing_lines": [], "excluded_lines": [], "start_line": 61}, "": {"executed_lines": [8, 10, 12, 15, 22, 26, 36, 47, 61], "summary": {"covered_lines": 9, "num_statements": 9, "percent_covered": 100.0, "percent_covered_display": "100", "missing_lines": 0, "excluded_lines": 0, "percent_statements_covered": 100.0, "percent_statements_covered_display": "100"}, "missing_lines": [], "excluded_lines": [], "start_line": 1}}, "classes": {"InMemoryCardRepository": {"executed_lines": [24, 34, 45, 67], "summary": {"covered_lines": 4, "num_statements": 8, "percent_covered": 50.0, "percent_covered_display": "50", "missing_lines": 4, "excluded_lines": 0, "percent_statements_covered": 50.0, "percent_statements_covered_display": "50"}, "missing_lines": [56, 57, 58, 59], "excluded_lines": [], "start_line": 15}, "": {"executed_lines": [8, 10, 12, 15, 22, 26, 36, 47, 61], "summary": {"covered_lines": 9, "num_statements": 9, "percent_covered": 100.0, "percent_covered_display": "100", "missing_lines": 0, "excluded_lines": 0, "percent_statements_covered": 100.0, "percent_statements_covered_display": "100"}, "missing_lines": [], "excluded_lines": [], "start_line": 1}}}, "src\\infrastructure\\repositories\\in_memory_favorites_repository.py": {"executed_lines": [7, 10, 17, 19, 21, 30, 38, 48, 49, 51, 59, 61, 62, 63, 65, 67, 76], "summary": {"covered_lines": 17, "num_statements": 17, "percent_covered": 100.0, "percent_covered_display": "100", "missing_lines": 0, "excluded_lines": 0, "percent_statements_covered": 100.0, "percent_statements_covered_display": "100"}, "missing_lines": [], "excluded_lines": [], "functions": {"InMemoryFavoritesRepository.__init__": {"executed_lines": [19], "summary": {"covered_lines": 1, "num_statements": 1, "percent_covered": 100.0, "percent_covered_display": "100", "missing_lines": 0, "excluded_lines": 0, "percent_statements_covered": 100.0, "percent_statements_covered_display": "100"}, "missing_lines": [], "excluded_lines": [], "start_line": 17}, "InMemoryFavoritesRepository._get_actor_favorites": {"executed_lines": [30], "summary": {"covered_lines": 1, "num_statements": 1, "percent_covered": 100.0, "percent_covered_display": "100", "missing_lines": 0, "excluded_lines": 0, "percent_statements_covered": 100.0, "percent_statements_covered_display": "100"}, "missing_lines": [], "excluded_lines": [], "start_line": 21}, "InMemoryFavoritesRepository.is_favorite": {"executed_lines": [48, 49], "summary": {"covered_lines": 2, "num_statements": 2, "percent_covered": 100.0, "percent_covered_display": "100", "missing_lines": 0, "excluded_lines": 0, "percent_statements_covered": 100.0, "percent_statements_covered_display": "100"}, "missing_lines": [], "excluded_lines": [], "start_line": 38}, "InMemoryFavoritesRepository.set_favorite": {"executed_lines": [59, 61, 62, 63, 65], "summary": {"covered_lines": 5, "num_statements": 5, "percent_covered": 100.0, "percent_covered_display": "100", "missing_lines": 0, "excluded_lines": 0, "percent_statements_covered": 100.0, "percent_statements_covered_display": "100"}, "missing_lines": [], "excluded_lines": [], "start_line": 51}, "InMemoryFavoritesRepository.list_favorites": {"executed_lines": [76], "summary": {"covered_lines": 1, "num_statements": 1, "percent_covered": 100.0, "percent_covered_display": "100", "missing_lines": 0, "excluded_lines": 0, "percent_statements_covered": 100.0, "percent_statements_covered_display": "100"}, "missing_lines": [], "excluded_lines": [], "start_line": 67}, "": {"executed_lines": [7, 10, 17, 21, 38, 51, 67], "summary": {"covered_lines": 7, "num_statements": 7, "percent_covered": 100.0, "percent_covered_display": "100", "missing_lines": 0, "excluded_lines": 0, "percent_statements_covered": 100.0, "percent_statements_covered_display": "100"}, "missing_lines": [], "excluded_lines": [], "start_line": 1}}, "classes": {"InMemoryFavoritesRepository": {"executed_lines": [19, 30, 48, 49, 59, 61, 62, 63, 65, 76], "summary": {"covered_lines": 10, "num_statements": 10, "percent_covered": 100.0, "percent_covered_display": "100", "missing_lines": 0, "excluded_lines": 0, "percent_statements_covered": 100.0, "percent_statements_covered_display": "100"}, "missing_lines": [], "excluded_lines": [], "start_line": 10}, "": {"executed_lines": [7, 10, 17, 21, 38, 51, 67], "summary": {"covered_lines": 7, "num_statements": 7, "percent_covered": 100.0, "percent_covered_display": "100", "missing_lines": 0, "excluded_lines": 0, "percent_statements_covered": 100.0, "percent_statements_covered_display": "100"}, "missing_lines": [], "excluded_lines": [], "start_line": 1}}}, "src\\infrastructure\\scenario_generation\\__init__.py": {"executed_lines": [], "summary": {"covered_lines": 0, "num_statements": 0, "percent_covered": 100.0, "percent_covered_display": "100", "missing_lines": 0, "excluded_lines": 0, "percent_statements_covered": 100.0, "percent_statements_covered_display": "100"}, "missing_lines": [], "excluded_lines": [], "functions": {"": {"executed_lines": [], "summary": {"covered_lines": 0, "num_statements": 0, "percent_covered": 100.0, "percent_covered_display": "100", "missing_lines": 0, "excluded_lines": 0, "percent_statements_covered": 100.0, "percent_statements_covered_display": "100"}, "missing_lines": [], "excluded_lines": [], "start_line": 1}}, "classes": {"": {"executed_lines": [], "summary": {"covered_lines": 0, "num_statements": 0, "percent_covered": 100.0, "percent_covered_display": "100", "missing_lines": 0, "excluded_lines": 0, "percent_statements_covered": 100.0, "percent_statements_covered_display": "100"}, "missing_lines": [], "excluded_lines": [], "start_line": 1}}}, "src\\infrastructure\\scenario_generation\\basic_scenario_generator.py": {"executed_lines": [7, 9, 11, 12, 15, 22, 23, 24, 25, 26, 27, 28, 29, 37, 38, 39, 40, 41, 42, 49, 50, 51, 52, 57, 70, 71, 72, 74, 77, 79, 80, 82, 83, 85, 86, 89, 91], "summary": {"covered_lines": 37, "num_statements": 37, "percent_covered": 100.0, "percent_covered_display": "100", "missing_lines": 0, "excluded_lines": 0, "percent_statements_covered": 100.0, "percent_statements_covered_display": "100"}, "missing_lines": [], "excluded_lines": [], "functions": {"BasicScenarioGenerator._rect_shape": {"executed_lines": [23, 24, 25, 26, 27, 28, 29], "summary": {"covered_lines": 7, "num_statements": 7, "percent_covered": 100.0, "percent_covered_display": "100", "missing_lines": 0, "excluded_lines": 0, "percent_statements_covered": 100.0, "percent_statements_covered_display": "100"}, "missing_lines": [], "excluded_lines": [], "start_line": 22}, "BasicScenarioGenerator._circle_shape": {"executed_lines": [38, 39, 40, 41, 42], "summary": {"covered_lines": 5, "num_statements": 5, "percent_covered": 100.0, "percent_covered_display": "100", "missing_lines": 0, "excluded_lines": 0, "percent_statements_covered": 100.0, "percent_statements_covered_display": "100"}, "missing_lines": [], "excluded_lines": [], "start_line": 37}, "BasicScenarioGenerator._polygon_shape": {"executed_lines": [50, 51, 52], "summary": {"covered_lines": 3, "num_statements": 3, "percent_covered": 100.0, "percent_covered_display": "100", "missing_lines": 0, "excluded_lines": 0, "percent_statements_covered": 100.0, "percent_statements_covered_display": "100"}, "missing_lines": [], "excluded_lines": [], "start_line": 49}, "BasicScenarioGenerator.generate_shapes": {"executed_lines": [70, 71, 72, 74, 77, 79, 80, 82, 83, 85, 86, 89, 91], "summary": {"covered_lines": 13, "num_statements": 13, "percent_covered": 100.0, "percent_covered_display": "100", "missing_lines": 0, "excluded_lines": 0, "percent_statements_covered": 100.0, "percent_statements_covered_display": "100"}, "missing_lines": [], "excluded_lines": [], "start_line": 57}, "": {"executed_lines": [7, 9, 11, 12, 15, 22, 37, 49, 57], "summary": {"covered_lines": 9, "num_statements": 9, "percent_covered": 100.0, "percent_covered_display": "100", "missing_lines": 0, "excluded_lines": 0, "percent_statements_covered": 100.0, "percent_statements_covered_display": "100"}, "missing_lines": [], "excluded_lines": [], "start_line": 1}}, "classes": {"BasicScenarioGenerator": {"executed_lines": [23, 24, 25, 26, 27, 28, 29, 38, 39, 40, 41, 42, 50, 51, 52, 70, 71, 72, 74, 77, 79, 80, 82, 83, 85, 86, 89, 91], "summary": {"covered_lines": 28, "num_statements": 28, "percent_covered": 100.0, "percent_covered_display": "100", "missing_lines": 0, "excluded_lines": 0, "percent_statements_covered": 100.0, "percent_statements_covered_display": "100"}, "missing_lines": [], "excluded_lines": [], "start_line": 15}, "": {"executed_lines": [7, 9, 11, 12, 15, 22, 37, 49, 57], "summary": {"covered_lines": 9, "num_statements": 9, "percent_covered": 100.0, "percent_covered_display": "100", "missing_lines": 0, "excluded_lines": 0, "percent_statements_covered": 100.0, "percent_statements_covered_display": "100"}, "missing_lines": [], "excluded_lines": [], "start_line": 1}}}}, "totals": {"covered_lines": 3860, "num_statements": 5140, "percent_covered": 75.09727626459144, "percent_covered_display": "75", "missing_lines": 1280, "excluded_lines": 52, "percent_statements_covered": 75.09727626459144, "percent_statements_covered_display": "75"}}